<?xml version="1.0" encoding="UTF-8"?>
<testsuites name="internal-data" time="18.587" tests="1" failures="0" errors="0">
   <testsuite name="internal-data" tests="1" failures="0" errors="0" time="18.587" timestamp="2020-05-22 23:23:06" hostname="XuanNghiem - DESKTOP-OT9E64N" id="Test Suites/login/internal-data">
      <properties>
         <property name="deviceName" value=""/>
         <property name="devicePlatform" value=""/>
         <property name="logFolder" value="C:\\Users\\XuanNghiem\\git\\mattermost-katalon-testing\\Reports\\20200522_232300\\login\\internal-data\\20200522_232300"/>
         <property name="logFiles" value="C:\\Users\\XuanNghiem\\git\\mattermost-katalon-testing\\Reports\\20200522_232300\\login\\internal-data\\20200522_232300\\execution0.log"/>
         <property name="attachments" value=""/>
         <property name="hostName" value="XuanNghiem - DESKTOP-OT9E64N"/>
         <property name="os" value="Windows 10 64bit"/>
         <property name="katalonVersion" value="7.4.0.1"/>
         <property name="browser" value="Edge Chromiume 18"/>
         <property name="hostAddress" value="192.168.100.14"/>
         <property name="sessionId" value="E22FD1AE-99B2-4777-A038-DCC3BD81BB59"/>
         <property name="seleniumVersion" value="3.141.59"/>
         <property name="proxyInformation" value="ProxyInformation{proxyOption=NO_PROXY, proxyServerType=HTTP, password=, proxyServerAddress=, proxyServerPort=0, executionList=}"/>
         <property name="platform" value="Windows 10"/>
      </properties>
      <testcase name="Test Cases/login/test 1" time="17.482" classname="Test Cases/login/test 1" status="PASSED">
         <system-out><![CDATA[2020-05-22 23:23:07 - [TEST_CASE][PASSED] - Test Cases/login/test 1: Test Cases/login/test 1

2020-05-22 23:23:09 - [TEST_STEP][PASSED] - openBrowser(""): Browser is opened with url: ''

2020-05-22 23:23:10 - [MESSAGE][INFO] - Starting 'Edge' driver

2020-05-22 23:23:11 - [MESSAGE][INFO] - Action delay is set to 0 milliseconds

2020-05-22 23:23:16 - [MESSAGE][PASSED] - Browser is opened with url: ''

2020-05-22 23:23:16 - [TEST_STEP][PASSED] - navigateToUrl("https://mattermost-cdnc.herokuapp.com/login"): Navigate to 'https://mattermost-cdnc.herokuapp.com/login' successfully

2020-05-22 23:23:18 - [MESSAGE][PASSED] - Navigate to 'https://mattermost-cdnc.herokuapp.com/login' successfully

2020-05-22 23:23:18 - [TEST_STEP][PASSED] - setText(findTestObject("Object Repository/login/Page_Mattermost/input_All team communication in one place s_703ef5"), username): Text 'xuanghjem' is set on object 'Object Repository/login/Page_Mattermost/input_All team communication in one place s_703ef5'

2020-05-22 23:23:21 - [MESSAGE][PASSED] - Text 'xuanghjem' is set on object 'Object Repository/login/Page_Mattermost/input_All team communication in one place s_703ef5'

2020-05-22 23:23:21 - [TEST_STEP][PASSED] - setEncryptedText(findTestObject("Object Repository/login/Page_Mattermost/input_All team communication in one place s_2f2733"), password): Text ****** has been set on object 'Object Repository/login/Page_Mattermost/input_All team communication in one place s_2f2733'

2020-05-22 23:23:22 - [MESSAGE][PASSED] - Text ****** has been set on object 'Object Repository/login/Page_Mattermost/input_All team communication in one place s_2f2733'

2020-05-22 23:23:22 - [TEST_STEP][PASSED] - click(findTestObject("Object Repository/login/Page_Mattermost/span_Sign in")): Object: 'Object Repository/login/Page_Mattermost/span_Sign in' is clicked on

2020-05-22 23:23:23 - [MESSAGE][PASSED] - Object: 'Object Repository/login/Page_Mattermost/span_Sign in' is clicked on

2020-05-22 23:23:23 - [TEST_STEP][PASSED] - closeBrowser(): Browser is closed

2020-05-22 23:23:24 - [MESSAGE][PASSED] - Browser is closed]]></system-out>
         <system-err><![CDATA[]]></system-err>
      </testcase>
      <system-out><![CDATA[2020-05-22 23:23:06 - [TEST_SUITE][PASSED] - internal-data: Test Cases/login/test 1]]></system-out>
      <system-err><![CDATA[]]></system-err>
   </testsuite>
</testsuites>
