<?xml version="1.0" encoding="UTF-8"?>
<testsuites name="TS_02_CreateATeam" time="111.719" tests="5" failures="0" errors="0">
   <testsuite name="TS_02_CreateATeam" tests="5" failures="0" errors="0" time="111.719" timestamp="2020-05-24 17:43:35" hostname="XuanNghiem - DESKTOP-OT9E64N.mshome.net" id="Test Suites/TS_02_CreateATeam">
      <properties>
         <property name="deviceName" value=""/>
         <property name="devicePlatform" value=""/>
         <property name="logFolder" value="C:\\Users\\XuanNghiem\\git\\mattermost-katalon-testing\\Reports\\20200524_174331\\TS_02_CreateATeam\\20200524_174331"/>
         <property name="logFiles" value="C:\\Users\\XuanNghiem\\git\\mattermost-katalon-testing\\Reports\\20200524_174331\\TS_02_CreateATeam\\20200524_174331\\execution0.log"/>
         <property name="attachments" value=""/>
         <property name="hostName" value="XuanNghiem - DESKTOP-OT9E64N.mshome.net"/>
         <property name="os" value="Windows 10 64bit"/>
         <property name="katalonVersion" value="7.4.0.1"/>
         <property name="browser" value="Chrome 83.0.4103.61"/>
         <property name="hostAddress" value="192.168.137.1"/>
         <property name="sessionId" value="f129c4388dd2c08362027b0b114da567"/>
         <property name="seleniumVersion" value="3.141.59"/>
         <property name="proxyInformation" value="ProxyInformation{proxyOption=NO_PROXY, proxyServerType=HTTP, password=, proxyServerAddress=, proxyServerPort=0, executionList=}"/>
         <property name="platform" value="Windows 10"/>
      </properties>
      <testcase name="Test Cases/Requirement_02/TC_02_CreateATeam" time="28.247" classname="Test Cases/Requirement_02/TC_02_CreateATeam" status="PASSED">
         <system-out><![CDATA[2020-05-24 17:43:36 - [TEST_CASE][PASSED] - Test Cases/Requirement_02/TC_02_CreateATeam: Test Cases/Requirement_02/TC_02_CreateATeam

2020-05-24 17:43:37 - [TEST_STEP][PASSED] - openBrowser(""): Browser is opened with url: ''

2020-05-24 17:43:38 - [MESSAGE][INFO] - Starting 'Chrome' driver

2020-05-24 17:43:38 - [MESSAGE][INFO] - Action delay is set to 0 milliseconds

2020-05-24 17:43:45 - [MESSAGE][PASSED] - Browser is opened with url: ''

2020-05-24 17:43:45 - [TEST_STEP][PASSED] - navigateToUrl("https://mattermost-cdnc.herokuapp.com/create_team/display_name"): Navigate to 'https://mattermost-cdnc.herokuapp.com/create_team/display_name' successfully

2020-05-24 17:43:51 - [MESSAGE][PASSED] - Navigate to 'https://mattermost-cdnc.herokuapp.com/create_team/display_name' successfully

2020-05-24 17:43:51 - [TEST_STEP][PASSED] - setText(findTestObject("Object Repository/02_CreateATeam/Page_Mattermost/input_All team communication in one place s_703ef5"), "xuanghjem"): Text 'xuanghjem' is set on object 'Object Repository/02_CreateATeam/Page_Mattermost/input_All team communication in one place s_703ef5'

2020-05-24 17:43:59 - [MESSAGE][PASSED] - Text 'xuanghjem' is set on object 'Object Repository/02_CreateATeam/Page_Mattermost/input_All team communication in one place s_703ef5'

2020-05-24 17:43:59 - [TEST_STEP][PASSED] - setEncryptedText(findTestObject("Object Repository/02_CreateATeam/Page_Mattermost/input_All team communication in one place s_2f2733"), "vR0tJW96iAE="): Text ****** has been set on object 'Object Repository/02_CreateATeam/Page_Mattermost/input_All team communication in one place s_2f2733'

2020-05-24 17:43:59 - [MESSAGE][PASSED] - Text ****** has been set on object 'Object Repository/02_CreateATeam/Page_Mattermost/input_All team communication in one place s_2f2733'

2020-05-24 17:43:59 - [TEST_STEP][PASSED] - click(findTestObject("Object Repository/02_CreateATeam/Page_Mattermost/button_Sign in")): Object: 'Object Repository/02_CreateATeam/Page_Mattermost/button_Sign in' is clicked on

2020-05-24 17:44:00 - [MESSAGE][PASSED] - Object: 'Object Repository/02_CreateATeam/Page_Mattermost/button_Sign in' is clicked on

2020-05-24 17:44:00 - [TEST_STEP][PASSED] - setText(findTestObject("Object Repository/02_CreateATeam/Page_Mattermost/input_Team Name_teamNameInput"), team_name): Text 'tony stark' is set on object 'Object Repository/02_CreateATeam/Page_Mattermost/input_Team Name_teamNameInput'

2020-05-24 17:44:02 - [MESSAGE][PASSED] - Text 'tony stark' is set on object 'Object Repository/02_CreateATeam/Page_Mattermost/input_Team Name_teamNameInput'

2020-05-24 17:44:02 - [TEST_STEP][PASSED] - click(findTestObject("Object Repository/02_CreateATeam/Page_Mattermost/button_Next")): Object: 'Object Repository/02_CreateATeam/Page_Mattermost/button_Next' is clicked on

2020-05-24 17:44:03 - [MESSAGE][PASSED] - Object: 'Object Repository/02_CreateATeam/Page_Mattermost/button_Next' is clicked on

2020-05-24 17:44:03 - [TEST_STEP][PASSED] - click(findTestObject("Object Repository/02_CreateATeam/Page_Mattermost/span_Finish")): Object: 'Object Repository/02_CreateATeam/Page_Mattermost/span_Finish' is clicked on

2020-05-24 17:44:03 - [MESSAGE][PASSED] - Object: 'Object Repository/02_CreateATeam/Page_Mattermost/span_Finish' is clicked on

2020-05-24 17:44:03 - [TEST_STEP][PASSED] - closeBrowser(): Browser is closed

2020-05-24 17:44:04 - [MESSAGE][PASSED] - Browser is closed]]></system-out>
         <system-err><![CDATA[]]></system-err>
      </testcase>
      <testcase name="Test Cases/Requirement_02/TC_02_CreateATeam" time="19.788" classname="Test Cases/Requirement_02/TC_02_CreateATeam" status="PASSED">
         <system-out><![CDATA[2020-05-24 17:44:04 - [TEST_CASE][PASSED] - Test Cases/Requirement_02/TC_02_CreateATeam: Test Cases/Requirement_02/TC_02_CreateATeam

2020-05-24 17:44:04 - [TEST_STEP][PASSED] - openBrowser(""): Browser is opened with url: ''

2020-05-24 17:44:04 - [MESSAGE][INFO] - Starting 'Chrome' driver

2020-05-24 17:44:04 - [MESSAGE][INFO] - Action delay is set to 0 milliseconds

2020-05-24 17:44:08 - [MESSAGE][PASSED] - Browser is opened with url: ''

2020-05-24 17:44:08 - [TEST_STEP][PASSED] - navigateToUrl("https://mattermost-cdnc.herokuapp.com/create_team/display_name"): Navigate to 'https://mattermost-cdnc.herokuapp.com/create_team/display_name' successfully

2020-05-24 17:44:12 - [MESSAGE][PASSED] - Navigate to 'https://mattermost-cdnc.herokuapp.com/create_team/display_name' successfully

2020-05-24 17:44:12 - [TEST_STEP][PASSED] - setText(findTestObject("Object Repository/02_CreateATeam/Page_Mattermost/input_All team communication in one place s_703ef5"), "xuanghjem"): Text 'xuanghjem' is set on object 'Object Repository/02_CreateATeam/Page_Mattermost/input_All team communication in one place s_703ef5'

2020-05-24 17:44:19 - [MESSAGE][PASSED] - Text 'xuanghjem' is set on object 'Object Repository/02_CreateATeam/Page_Mattermost/input_All team communication in one place s_703ef5'

2020-05-24 17:44:19 - [TEST_STEP][PASSED] - setEncryptedText(findTestObject("Object Repository/02_CreateATeam/Page_Mattermost/input_All team communication in one place s_2f2733"), "vR0tJW96iAE="): Text ****** has been set on object 'Object Repository/02_CreateATeam/Page_Mattermost/input_All team communication in one place s_2f2733'

2020-05-24 17:44:19 - [MESSAGE][PASSED] - Text ****** has been set on object 'Object Repository/02_CreateATeam/Page_Mattermost/input_All team communication in one place s_2f2733'

2020-05-24 17:44:19 - [TEST_STEP][PASSED] - click(findTestObject("Object Repository/02_CreateATeam/Page_Mattermost/button_Sign in")): Object: 'Object Repository/02_CreateATeam/Page_Mattermost/button_Sign in' is clicked on

2020-05-24 17:44:20 - [MESSAGE][PASSED] - Object: 'Object Repository/02_CreateATeam/Page_Mattermost/button_Sign in' is clicked on

2020-05-24 17:44:20 - [TEST_STEP][PASSED] - setText(findTestObject("Object Repository/02_CreateATeam/Page_Mattermost/input_Team Name_teamNameInput"), team_name): Text 'hulk' is set on object 'Object Repository/02_CreateATeam/Page_Mattermost/input_Team Name_teamNameInput'

2020-05-24 17:44:22 - [MESSAGE][PASSED] - Text 'hulk' is set on object 'Object Repository/02_CreateATeam/Page_Mattermost/input_Team Name_teamNameInput'

2020-05-24 17:44:22 - [TEST_STEP][PASSED] - click(findTestObject("Object Repository/02_CreateATeam/Page_Mattermost/button_Next")): Object: 'Object Repository/02_CreateATeam/Page_Mattermost/button_Next' is clicked on

2020-05-24 17:44:23 - [MESSAGE][PASSED] - Object: 'Object Repository/02_CreateATeam/Page_Mattermost/button_Next' is clicked on

2020-05-24 17:44:23 - [TEST_STEP][PASSED] - click(findTestObject("Object Repository/02_CreateATeam/Page_Mattermost/span_Finish")): Object: 'Object Repository/02_CreateATeam/Page_Mattermost/span_Finish' is clicked on

2020-05-24 17:44:23 - [MESSAGE][PASSED] - Object: 'Object Repository/02_CreateATeam/Page_Mattermost/span_Finish' is clicked on

2020-05-24 17:44:23 - [TEST_STEP][PASSED] - closeBrowser(): Browser is closed

2020-05-24 17:44:24 - [MESSAGE][PASSED] - Browser is closed]]></system-out>
         <system-err><![CDATA[]]></system-err>
      </testcase>
      <testcase name="Test Cases/Requirement_02/TC_02_CreateATeam" time="20.245" classname="Test Cases/Requirement_02/TC_02_CreateATeam" status="PASSED">
         <system-out><![CDATA[2020-05-24 17:44:24 - [TEST_CASE][PASSED] - Test Cases/Requirement_02/TC_02_CreateATeam: Test Cases/Requirement_02/TC_02_CreateATeam

2020-05-24 17:44:24 - [TEST_STEP][PASSED] - openBrowser(""): Browser is opened with url: ''

2020-05-24 17:44:24 - [MESSAGE][INFO] - Starting 'Chrome' driver

2020-05-24 17:44:24 - [MESSAGE][INFO] - Action delay is set to 0 milliseconds

2020-05-24 17:44:28 - [MESSAGE][PASSED] - Browser is opened with url: ''

2020-05-24 17:44:28 - [TEST_STEP][PASSED] - navigateToUrl("https://mattermost-cdnc.herokuapp.com/create_team/display_name"): Navigate to 'https://mattermost-cdnc.herokuapp.com/create_team/display_name' successfully

2020-05-24 17:44:32 - [MESSAGE][PASSED] - Navigate to 'https://mattermost-cdnc.herokuapp.com/create_team/display_name' successfully

2020-05-24 17:44:32 - [TEST_STEP][PASSED] - setText(findTestObject("Object Repository/02_CreateATeam/Page_Mattermost/input_All team communication in one place s_703ef5"), "xuanghjem"): Text 'xuanghjem' is set on object 'Object Repository/02_CreateATeam/Page_Mattermost/input_All team communication in one place s_703ef5'

2020-05-24 17:44:39 - [MESSAGE][PASSED] - Text 'xuanghjem' is set on object 'Object Repository/02_CreateATeam/Page_Mattermost/input_All team communication in one place s_703ef5'

2020-05-24 17:44:39 - [TEST_STEP][PASSED] - setEncryptedText(findTestObject("Object Repository/02_CreateATeam/Page_Mattermost/input_All team communication in one place s_2f2733"), "vR0tJW96iAE="): Text ****** has been set on object 'Object Repository/02_CreateATeam/Page_Mattermost/input_All team communication in one place s_2f2733'

2020-05-24 17:44:39 - [MESSAGE][PASSED] - Text ****** has been set on object 'Object Repository/02_CreateATeam/Page_Mattermost/input_All team communication in one place s_2f2733'

2020-05-24 17:44:39 - [TEST_STEP][PASSED] - click(findTestObject("Object Repository/02_CreateATeam/Page_Mattermost/button_Sign in")): Object: 'Object Repository/02_CreateATeam/Page_Mattermost/button_Sign in' is clicked on

2020-05-24 17:44:40 - [MESSAGE][PASSED] - Object: 'Object Repository/02_CreateATeam/Page_Mattermost/button_Sign in' is clicked on

2020-05-24 17:44:40 - [TEST_STEP][PASSED] - setText(findTestObject("Object Repository/02_CreateATeam/Page_Mattermost/input_Team Name_teamNameInput"), team_name): Text 'spider man' is set on object 'Object Repository/02_CreateATeam/Page_Mattermost/input_Team Name_teamNameInput'

2020-05-24 17:44:42 - [MESSAGE][PASSED] - Text 'spider man' is set on object 'Object Repository/02_CreateATeam/Page_Mattermost/input_Team Name_teamNameInput'

2020-05-24 17:44:42 - [TEST_STEP][PASSED] - click(findTestObject("Object Repository/02_CreateATeam/Page_Mattermost/button_Next")): Object: 'Object Repository/02_CreateATeam/Page_Mattermost/button_Next' is clicked on

2020-05-24 17:44:43 - [MESSAGE][PASSED] - Object: 'Object Repository/02_CreateATeam/Page_Mattermost/button_Next' is clicked on

2020-05-24 17:44:43 - [TEST_STEP][PASSED] - click(findTestObject("Object Repository/02_CreateATeam/Page_Mattermost/span_Finish")): Object: 'Object Repository/02_CreateATeam/Page_Mattermost/span_Finish' is clicked on

2020-05-24 17:44:44 - [MESSAGE][PASSED] - Object: 'Object Repository/02_CreateATeam/Page_Mattermost/span_Finish' is clicked on

2020-05-24 17:44:44 - [TEST_STEP][PASSED] - closeBrowser(): Browser is closed

2020-05-24 17:44:44 - [MESSAGE][PASSED] - Browser is closed]]></system-out>
         <system-err><![CDATA[]]></system-err>
      </testcase>
      <testcase name="Test Cases/Requirement_02/TC_02_CreateATeam" time="20.422" classname="Test Cases/Requirement_02/TC_02_CreateATeam" status="PASSED">
         <system-out><![CDATA[2020-05-24 17:44:44 - [TEST_CASE][PASSED] - Test Cases/Requirement_02/TC_02_CreateATeam: Test Cases/Requirement_02/TC_02_CreateATeam

2020-05-24 17:44:44 - [TEST_STEP][PASSED] - openBrowser(""): Browser is opened with url: ''

2020-05-24 17:44:44 - [MESSAGE][INFO] - Starting 'Chrome' driver

2020-05-24 17:44:44 - [MESSAGE][INFO] - Action delay is set to 0 milliseconds

2020-05-24 17:44:48 - [MESSAGE][PASSED] - Browser is opened with url: ''

2020-05-24 17:44:48 - [TEST_STEP][PASSED] - navigateToUrl("https://mattermost-cdnc.herokuapp.com/create_team/display_name"): Navigate to 'https://mattermost-cdnc.herokuapp.com/create_team/display_name' successfully

2020-05-24 17:44:52 - [MESSAGE][PASSED] - Navigate to 'https://mattermost-cdnc.herokuapp.com/create_team/display_name' successfully

2020-05-24 17:44:52 - [TEST_STEP][PASSED] - setText(findTestObject("Object Repository/02_CreateATeam/Page_Mattermost/input_All team communication in one place s_703ef5"), "xuanghjem"): Text 'xuanghjem' is set on object 'Object Repository/02_CreateATeam/Page_Mattermost/input_All team communication in one place s_703ef5'

2020-05-24 17:44:59 - [MESSAGE][PASSED] - Text 'xuanghjem' is set on object 'Object Repository/02_CreateATeam/Page_Mattermost/input_All team communication in one place s_703ef5'

2020-05-24 17:44:59 - [TEST_STEP][PASSED] - setEncryptedText(findTestObject("Object Repository/02_CreateATeam/Page_Mattermost/input_All team communication in one place s_2f2733"), "vR0tJW96iAE="): Text ****** has been set on object 'Object Repository/02_CreateATeam/Page_Mattermost/input_All team communication in one place s_2f2733'

2020-05-24 17:45:00 - [MESSAGE][PASSED] - Text ****** has been set on object 'Object Repository/02_CreateATeam/Page_Mattermost/input_All team communication in one place s_2f2733'

2020-05-24 17:45:00 - [TEST_STEP][PASSED] - click(findTestObject("Object Repository/02_CreateATeam/Page_Mattermost/button_Sign in")): Object: 'Object Repository/02_CreateATeam/Page_Mattermost/button_Sign in' is clicked on

2020-05-24 17:45:01 - [MESSAGE][PASSED] - Object: 'Object Repository/02_CreateATeam/Page_Mattermost/button_Sign in' is clicked on

2020-05-24 17:45:01 - [TEST_STEP][PASSED] - setText(findTestObject("Object Repository/02_CreateATeam/Page_Mattermost/input_Team Name_teamNameInput"), team_name): Text 'thor' is set on object 'Object Repository/02_CreateATeam/Page_Mattermost/input_Team Name_teamNameInput'

2020-05-24 17:45:03 - [MESSAGE][PASSED] - Text 'thor' is set on object 'Object Repository/02_CreateATeam/Page_Mattermost/input_Team Name_teamNameInput'

2020-05-24 17:45:03 - [TEST_STEP][PASSED] - click(findTestObject("Object Repository/02_CreateATeam/Page_Mattermost/button_Next")): Object: 'Object Repository/02_CreateATeam/Page_Mattermost/button_Next' is clicked on

2020-05-24 17:45:03 - [MESSAGE][PASSED] - Object: 'Object Repository/02_CreateATeam/Page_Mattermost/button_Next' is clicked on

2020-05-24 17:45:03 - [TEST_STEP][PASSED] - click(findTestObject("Object Repository/02_CreateATeam/Page_Mattermost/span_Finish")): Object: 'Object Repository/02_CreateATeam/Page_Mattermost/span_Finish' is clicked on

2020-05-24 17:45:04 - [MESSAGE][PASSED] - Object: 'Object Repository/02_CreateATeam/Page_Mattermost/span_Finish' is clicked on

2020-05-24 17:45:04 - [TEST_STEP][PASSED] - closeBrowser(): Browser is closed

2020-05-24 17:45:05 - [MESSAGE][PASSED] - Browser is closed]]></system-out>
         <system-err><![CDATA[]]></system-err>
      </testcase>
      <testcase name="Test Cases/Requirement_02/TC_02_CreateATeam" time="22.016" classname="Test Cases/Requirement_02/TC_02_CreateATeam" status="PASSED">
         <system-out><![CDATA[2020-05-24 17:45:05 - [TEST_CASE][PASSED] - Test Cases/Requirement_02/TC_02_CreateATeam: Test Cases/Requirement_02/TC_02_CreateATeam

2020-05-24 17:45:05 - [TEST_STEP][PASSED] - openBrowser(""): Browser is opened with url: ''

2020-05-24 17:45:05 - [MESSAGE][INFO] - Starting 'Chrome' driver

2020-05-24 17:45:05 - [MESSAGE][INFO] - Action delay is set to 0 milliseconds

2020-05-24 17:45:09 - [MESSAGE][PASSED] - Browser is opened with url: ''

2020-05-24 17:45:09 - [TEST_STEP][PASSED] - navigateToUrl("https://mattermost-cdnc.herokuapp.com/create_team/display_name"): Navigate to 'https://mattermost-cdnc.herokuapp.com/create_team/display_name' successfully

2020-05-24 17:45:13 - [MESSAGE][PASSED] - Navigate to 'https://mattermost-cdnc.herokuapp.com/create_team/display_name' successfully

2020-05-24 17:45:13 - [TEST_STEP][PASSED] - setText(findTestObject("Object Repository/02_CreateATeam/Page_Mattermost/input_All team communication in one place s_703ef5"), "xuanghjem"): Text 'xuanghjem' is set on object 'Object Repository/02_CreateATeam/Page_Mattermost/input_All team communication in one place s_703ef5'

2020-05-24 17:45:22 - [MESSAGE][PASSED] - Text 'xuanghjem' is set on object 'Object Repository/02_CreateATeam/Page_Mattermost/input_All team communication in one place s_703ef5'

2020-05-24 17:45:22 - [TEST_STEP][PASSED] - setEncryptedText(findTestObject("Object Repository/02_CreateATeam/Page_Mattermost/input_All team communication in one place s_2f2733"), "vR0tJW96iAE="): Text ****** has been set on object 'Object Repository/02_CreateATeam/Page_Mattermost/input_All team communication in one place s_2f2733'

2020-05-24 17:45:22 - [MESSAGE][PASSED] - Text ****** has been set on object 'Object Repository/02_CreateATeam/Page_Mattermost/input_All team communication in one place s_2f2733'

2020-05-24 17:45:22 - [TEST_STEP][PASSED] - click(findTestObject("Object Repository/02_CreateATeam/Page_Mattermost/button_Sign in")): Object: 'Object Repository/02_CreateATeam/Page_Mattermost/button_Sign in' is clicked on

2020-05-24 17:45:23 - [MESSAGE][PASSED] - Object: 'Object Repository/02_CreateATeam/Page_Mattermost/button_Sign in' is clicked on

2020-05-24 17:45:23 - [TEST_STEP][PASSED] - setText(findTestObject("Object Repository/02_CreateATeam/Page_Mattermost/input_Team Name_teamNameInput"), team_name): Text 'american' is set on object 'Object Repository/02_CreateATeam/Page_Mattermost/input_Team Name_teamNameInput'

2020-05-24 17:45:25 - [MESSAGE][PASSED] - Text 'american' is set on object 'Object Repository/02_CreateATeam/Page_Mattermost/input_Team Name_teamNameInput'

2020-05-24 17:45:25 - [TEST_STEP][PASSED] - click(findTestObject("Object Repository/02_CreateATeam/Page_Mattermost/button_Next")): Object: 'Object Repository/02_CreateATeam/Page_Mattermost/button_Next' is clicked on

2020-05-24 17:45:25 - [MESSAGE][PASSED] - Object: 'Object Repository/02_CreateATeam/Page_Mattermost/button_Next' is clicked on

2020-05-24 17:45:25 - [TEST_STEP][PASSED] - click(findTestObject("Object Repository/02_CreateATeam/Page_Mattermost/span_Finish")): Object: 'Object Repository/02_CreateATeam/Page_Mattermost/span_Finish' is clicked on

2020-05-24 17:45:26 - [MESSAGE][PASSED] - Object: 'Object Repository/02_CreateATeam/Page_Mattermost/span_Finish' is clicked on

2020-05-24 17:45:26 - [TEST_STEP][PASSED] - closeBrowser(): Browser is closed

2020-05-24 17:45:27 - [MESSAGE][PASSED] - Browser is closed]]></system-out>
         <system-err><![CDATA[]]></system-err>
      </testcase>
      <system-out><![CDATA[2020-05-24 17:43:35 - [TEST_SUITE][PASSED] - TS_02_CreateATeam: Test Cases/Requirement_02/TC_02_CreateATeam]]></system-out>
      <system-err><![CDATA[]]></system-err>
   </testsuite>
</testsuites>
