<?xml version="1.0" encoding="UTF-8"?>
<testsuites name="internal-data" time="42.356" tests="2" failures="0" errors="0">
   <testsuite name="internal-data" tests="2" failures="0" errors="0" time="42.356" timestamp="2020-05-22 23:28:34" hostname="XuanNghiem - DESKTOP-OT9E64N" id="Test Suites/login/internal-data">
      <properties>
         <property name="deviceName" value=""/>
         <property name="devicePlatform" value=""/>
         <property name="logFolder" value="C:\\Users\\XuanNghiem\\git\\mattermost-katalon-testing\\Reports\\20200522_232829\\login\\internal-data\\20200522_232829"/>
         <property name="logFiles" value="C:\\Users\\XuanNghiem\\git\\mattermost-katalon-testing\\Reports\\20200522_232829\\login\\internal-data\\20200522_232829\\execution0.log"/>
         <property name="attachments" value=""/>
         <property name="hostName" value="XuanNghiem - DESKTOP-OT9E64N"/>
         <property name="os" value="Windows 10 64bit"/>
         <property name="katalonVersion" value="7.4.0.1"/>
         <property name="browser" value="Edge Chromiume 18"/>
         <property name="hostAddress" value="192.168.100.14"/>
         <property name="sessionId" value="1E0DF6E0-65FC-4B88-81B3-EBD580E26CB6"/>
         <property name="seleniumVersion" value="3.141.59"/>
         <property name="proxyInformation" value="ProxyInformation{proxyOption=NO_PROXY, proxyServerType=HTTP, password=, proxyServerAddress=, proxyServerPort=0, executionList=}"/>
         <property name="platform" value="Windows 10"/>
      </properties>
      <testcase name="Test Cases/login/test 1" time="26.146" classname="Test Cases/login/test 1" status="PASSED">
         <system-out><![CDATA[2020-05-22 23:28:36 - [TEST_CASE][PASSED] - Test Cases/login/test 1: Test Cases/login/test 1

2020-05-22 23:28:39 - [TEST_STEP][PASSED] - openBrowser(""): Browser is opened with url: ''

2020-05-22 23:28:41 - [MESSAGE][INFO] - Starting 'Edge' driver

2020-05-22 23:28:43 - [MESSAGE][INFO] - Action delay is set to 0 milliseconds

2020-05-22 23:28:50 - [MESSAGE][PASSED] - Browser is opened with url: ''

2020-05-22 23:28:50 - [TEST_STEP][PASSED] - navigateToUrl("https://mattermost-cdnc.herokuapp.com/login"): Navigate to 'https://mattermost-cdnc.herokuapp.com/login' successfully

2020-05-22 23:28:54 - [MESSAGE][PASSED] - Navigate to 'https://mattermost-cdnc.herokuapp.com/login' successfully

2020-05-22 23:28:54 - [TEST_STEP][PASSED] - setText(findTestObject("Object Repository/login/Page_Mattermost/input_All team communication in one place s_703ef5"), username): Text 'xuanghjem' is set on object 'Object Repository/login/Page_Mattermost/input_All team communication in one place s_703ef5'

2020-05-22 23:28:58 - [MESSAGE][PASSED] - Text 'xuanghjem' is set on object 'Object Repository/login/Page_Mattermost/input_All team communication in one place s_703ef5'

2020-05-22 23:28:58 - [TEST_STEP][PASSED] - setEncryptedText(findTestObject("Object Repository/login/Page_Mattermost/input_All team communication in one place s_2f2733"), password): Text ****** has been set on object 'Object Repository/login/Page_Mattermost/input_All team communication in one place s_2f2733'

2020-05-22 23:28:59 - [MESSAGE][PASSED] - Text ****** has been set on object 'Object Repository/login/Page_Mattermost/input_All team communication in one place s_2f2733'

2020-05-22 23:28:59 - [TEST_STEP][PASSED] - click(findTestObject("Object Repository/login/Page_Mattermost/span_Sign in")): Object: 'Object Repository/login/Page_Mattermost/span_Sign in' is clicked on

2020-05-22 23:29:00 - [MESSAGE][PASSED] - Object: 'Object Repository/login/Page_Mattermost/span_Sign in' is clicked on

2020-05-22 23:29:00 - [TEST_STEP][PASSED] - closeBrowser(): Browser is closed

2020-05-22 23:29:02 - [MESSAGE][PASSED] - Browser is closed]]></system-out>
         <system-err><![CDATA[]]></system-err>
      </testcase>
      <testcase name="Test Cases/login/test 1" time="14.604" classname="Test Cases/login/test 1" status="PASSED">
         <system-out><![CDATA[2020-05-22 23:29:02 - [TEST_CASE][PASSED] - Test Cases/login/test 1: Test Cases/login/test 1

2020-05-22 23:29:02 - [TEST_STEP][PASSED] - openBrowser(""): Browser is opened with url: ''

2020-05-22 23:29:02 - [MESSAGE][INFO] - Starting 'Edge' driver

2020-05-22 23:29:03 - [MESSAGE][INFO] - Action delay is set to 0 milliseconds

2020-05-22 23:29:05 - [MESSAGE][PASSED] - Browser is opened with url: ''

2020-05-22 23:29:05 - [TEST_STEP][PASSED] - navigateToUrl("https://mattermost-cdnc.herokuapp.com/login"): Navigate to 'https://mattermost-cdnc.herokuapp.com/login' successfully

2020-05-22 23:29:09 - [MESSAGE][PASSED] - Navigate to 'https://mattermost-cdnc.herokuapp.com/login' successfully

2020-05-22 23:29:09 - [TEST_STEP][PASSED] - setText(findTestObject("Object Repository/login/Page_Mattermost/input_All team communication in one place s_703ef5"), username): Text 'minhthuy' is set on object 'Object Repository/login/Page_Mattermost/input_All team communication in one place s_703ef5'

2020-05-22 23:29:14 - [MESSAGE][PASSED] - Text 'minhthuy' is set on object 'Object Repository/login/Page_Mattermost/input_All team communication in one place s_703ef5'

2020-05-22 23:29:14 - [TEST_STEP][PASSED] - setEncryptedText(findTestObject("Object Repository/login/Page_Mattermost/input_All team communication in one place s_2f2733"), password): Text ****** has been set on object 'Object Repository/login/Page_Mattermost/input_All team communication in one place s_2f2733'

2020-05-22 23:29:15 - [MESSAGE][PASSED] - Text ****** has been set on object 'Object Repository/login/Page_Mattermost/input_All team communication in one place s_2f2733'

2020-05-22 23:29:15 - [TEST_STEP][PASSED] - click(findTestObject("Object Repository/login/Page_Mattermost/span_Sign in")): Object: 'Object Repository/login/Page_Mattermost/span_Sign in' is clicked on

2020-05-22 23:29:15 - [MESSAGE][PASSED] - Object: 'Object Repository/login/Page_Mattermost/span_Sign in' is clicked on

2020-05-22 23:29:15 - [TEST_STEP][PASSED] - closeBrowser(): Browser is closed

2020-05-22 23:29:16 - [MESSAGE][PASSED] - Browser is closed]]></system-out>
         <system-err><![CDATA[]]></system-err>
      </testcase>
      <system-out><![CDATA[2020-05-22 23:28:34 - [TEST_SUITE][PASSED] - internal-data: Test Cases/login/test 1]]></system-out>
      <system-err><![CDATA[]]></system-err>
   </testsuite>
</testsuites>
