<?xml version="1.0" encoding="UTF-8"?>
<testsuites name="internal-data" time="88.281" tests="5" failures="0" errors="0">
   <testsuite name="internal-data" tests="5" failures="0" errors="0" time="88.281" timestamp="2020-05-23 16:54:07" hostname="XuanNghiem - DESKTOP-OT9E64N" id="Test Suites/login/internal-data">
      <properties>
         <property name="deviceName" value=""/>
         <property name="devicePlatform" value=""/>
         <property name="logFolder" value="C:\\Users\\XuanNghiem\\git\\mattermost-katalon-testing\\Reports\\20200523_165402\\login\\internal-data\\20200523_165402"/>
         <property name="logFiles" value="C:\\Users\\XuanNghiem\\git\\mattermost-katalon-testing\\Reports\\20200523_165402\\login\\internal-data\\20200523_165402\\execution0.log"/>
         <property name="attachments" value=""/>
         <property name="hostName" value="XuanNghiem - DESKTOP-OT9E64N"/>
         <property name="os" value="Windows 10 64bit"/>
         <property name="katalonVersion" value="7.4.0.1"/>
         <property name="browser" value="Chrome 83.0.4103.61"/>
         <property name="hostAddress" value="192.168.100.14"/>
         <property name="sessionId" value="0ac72b4c2cf1ae1c87b4db7013cc87eb"/>
         <property name="seleniumVersion" value="3.141.59"/>
         <property name="proxyInformation" value="ProxyInformation{proxyOption=NO_PROXY, proxyServerType=HTTP, password=, proxyServerAddress=, proxyServerPort=0, executionList=}"/>
         <property name="platform" value="Windows 10"/>
      </properties>
      <testcase name="Test Cases/login/test 1" time="20.644" classname="Test Cases/login/test 1" status="PASSED">
         <system-out><![CDATA[2020-05-23 16:54:08 - [TEST_CASE][PASSED] - Test Cases/login/test 1: Test Cases/login/test 1

2020-05-23 16:54:09 - [TEST_STEP][PASSED] - openBrowser(""): Browser is opened with url: ''

2020-05-23 16:54:10 - [MESSAGE][INFO] - Starting 'Chrome' driver

2020-05-23 16:54:10 - [MESSAGE][INFO] - Action delay is set to 0 milliseconds

2020-05-23 16:54:16 - [MESSAGE][PASSED] - Browser is opened with url: ''

2020-05-23 16:54:16 - [TEST_STEP][PASSED] - navigateToUrl("https://mattermost-cdnc.herokuapp.com/login"): Navigate to 'https://mattermost-cdnc.herokuapp.com/login' successfully

2020-05-23 16:54:21 - [MESSAGE][PASSED] - Navigate to 'https://mattermost-cdnc.herokuapp.com/login' successfully

2020-05-23 16:54:21 - [TEST_STEP][PASSED] - setText(findTestObject("Object Repository/login/Page_Mattermost/input_All team communication in one place s_703ef5"), username): Text 'xuanghjem' is set on object 'Object Repository/login/Page_Mattermost/input_All team communication in one place s_703ef5'

2020-05-23 16:54:26 - [MESSAGE][PASSED] - Text 'xuanghjem' is set on object 'Object Repository/login/Page_Mattermost/input_All team communication in one place s_703ef5'

2020-05-23 16:54:26 - [TEST_STEP][PASSED] - setEncryptedText(findTestObject("Object Repository/login/Page_Mattermost/input_All team communication in one place s_2f2733"), password): Text ****** has been set on object 'Object Repository/login/Page_Mattermost/input_All team communication in one place s_2f2733'

2020-05-23 16:54:27 - [MESSAGE][PASSED] - Text ****** has been set on object 'Object Repository/login/Page_Mattermost/input_All team communication in one place s_2f2733'

2020-05-23 16:54:27 - [TEST_STEP][PASSED] - click(findTestObject("Object Repository/login/Page_Mattermost/button_Sign in")): Object: 'Object Repository/login/Page_Mattermost/button_Sign in' is clicked on

2020-05-23 16:54:28 - [MESSAGE][PASSED] - Object: 'Object Repository/login/Page_Mattermost/button_Sign in' is clicked on

2020-05-23 16:54:28 - [TEST_STEP][PASSED] - closeBrowser(): Browser is closed

2020-05-23 16:54:28 - [MESSAGE][PASSED] - Browser is closed]]></system-out>
         <system-err><![CDATA[]]></system-err>
      </testcase>
      <testcase name="Test Cases/login/test 1" time="15.784" classname="Test Cases/login/test 1" status="PASSED">
         <system-out><![CDATA[2020-05-23 16:54:29 - [TEST_CASE][PASSED] - Test Cases/login/test 1: Test Cases/login/test 1

2020-05-23 16:54:29 - [TEST_STEP][PASSED] - openBrowser(""): Browser is opened with url: ''

2020-05-23 16:54:29 - [MESSAGE][INFO] - Starting 'Chrome' driver

2020-05-23 16:54:29 - [MESSAGE][INFO] - Action delay is set to 0 milliseconds

2020-05-23 16:54:32 - [MESSAGE][PASSED] - Browser is opened with url: ''

2020-05-23 16:54:32 - [TEST_STEP][PASSED] - navigateToUrl("https://mattermost-cdnc.herokuapp.com/login"): Navigate to 'https://mattermost-cdnc.herokuapp.com/login' successfully

2020-05-23 16:54:36 - [MESSAGE][PASSED] - Navigate to 'https://mattermost-cdnc.herokuapp.com/login' successfully

2020-05-23 16:54:36 - [TEST_STEP][PASSED] - setText(findTestObject("Object Repository/login/Page_Mattermost/input_All team communication in one place s_703ef5"), username): Text 'minhthuy' is set on object 'Object Repository/login/Page_Mattermost/input_All team communication in one place s_703ef5'

2020-05-23 16:54:42 - [MESSAGE][PASSED] - Text 'minhthuy' is set on object 'Object Repository/login/Page_Mattermost/input_All team communication in one place s_703ef5'

2020-05-23 16:54:42 - [TEST_STEP][PASSED] - setEncryptedText(findTestObject("Object Repository/login/Page_Mattermost/input_All team communication in one place s_2f2733"), password): Text ****** has been set on object 'Object Repository/login/Page_Mattermost/input_All team communication in one place s_2f2733'

2020-05-23 16:54:42 - [MESSAGE][PASSED] - Text ****** has been set on object 'Object Repository/login/Page_Mattermost/input_All team communication in one place s_2f2733'

2020-05-23 16:54:42 - [TEST_STEP][PASSED] - click(findTestObject("Object Repository/login/Page_Mattermost/button_Sign in")): Object: 'Object Repository/login/Page_Mattermost/button_Sign in' is clicked on

2020-05-23 16:54:43 - [MESSAGE][PASSED] - Object: 'Object Repository/login/Page_Mattermost/button_Sign in' is clicked on

2020-05-23 16:54:43 - [TEST_STEP][PASSED] - closeBrowser(): Browser is closed

2020-05-23 16:54:44 - [MESSAGE][PASSED] - Browser is closed]]></system-out>
         <system-err><![CDATA[]]></system-err>
      </testcase>
      <testcase name="Test Cases/login/test 1" time="18.348" classname="Test Cases/login/test 1" status="PASSED">
         <system-out><![CDATA[2020-05-23 16:54:44 - [TEST_CASE][PASSED] - Test Cases/login/test 1: Test Cases/login/test 1

2020-05-23 16:54:44 - [TEST_STEP][PASSED] - openBrowser(""): Browser is opened with url: ''

2020-05-23 16:54:44 - [MESSAGE][INFO] - Starting 'Chrome' driver

2020-05-23 16:54:44 - [MESSAGE][INFO] - Action delay is set to 0 milliseconds

2020-05-23 16:54:48 - [MESSAGE][PASSED] - Browser is opened with url: ''

2020-05-23 16:54:48 - [TEST_STEP][PASSED] - navigateToUrl("https://mattermost-cdnc.herokuapp.com/login"): Navigate to 'https://mattermost-cdnc.herokuapp.com/login' successfully

2020-05-23 16:54:52 - [MESSAGE][PASSED] - Navigate to 'https://mattermost-cdnc.herokuapp.com/login' successfully

2020-05-23 16:54:52 - [TEST_STEP][PASSED] - setText(findTestObject("Object Repository/login/Page_Mattermost/input_All team communication in one place s_703ef5"), username): Text 'vanthin' is set on object 'Object Repository/login/Page_Mattermost/input_All team communication in one place s_703ef5'

2020-05-23 16:54:58 - [MESSAGE][PASSED] - Text 'vanthin' is set on object 'Object Repository/login/Page_Mattermost/input_All team communication in one place s_703ef5'

2020-05-23 16:54:58 - [TEST_STEP][PASSED] - setEncryptedText(findTestObject("Object Repository/login/Page_Mattermost/input_All team communication in one place s_2f2733"), password): Text ****** has been set on object 'Object Repository/login/Page_Mattermost/input_All team communication in one place s_2f2733'

2020-05-23 16:55:00 - [MESSAGE][PASSED] - Text ****** has been set on object 'Object Repository/login/Page_Mattermost/input_All team communication in one place s_2f2733'

2020-05-23 16:55:00 - [TEST_STEP][PASSED] - click(findTestObject("Object Repository/login/Page_Mattermost/button_Sign in")): Object: 'Object Repository/login/Page_Mattermost/button_Sign in' is clicked on

2020-05-23 16:55:01 - [MESSAGE][PASSED] - Object: 'Object Repository/login/Page_Mattermost/button_Sign in' is clicked on

2020-05-23 16:55:01 - [TEST_STEP][PASSED] - closeBrowser(): Browser is closed

2020-05-23 16:55:03 - [MESSAGE][PASSED] - Browser is closed]]></system-out>
         <system-err><![CDATA[]]></system-err>
      </testcase>
      <testcase name="Test Cases/login/test 1" time="16.224" classname="Test Cases/login/test 1" status="PASSED">
         <system-out><![CDATA[2020-05-23 16:55:03 - [TEST_CASE][PASSED] - Test Cases/login/test 1: Test Cases/login/test 1

2020-05-23 16:55:03 - [TEST_STEP][PASSED] - openBrowser(""): Browser is opened with url: ''

2020-05-23 16:55:03 - [MESSAGE][INFO] - Starting 'Chrome' driver

2020-05-23 16:55:03 - [MESSAGE][INFO] - Action delay is set to 0 milliseconds

2020-05-23 16:55:07 - [MESSAGE][PASSED] - Browser is opened with url: ''

2020-05-23 16:55:07 - [TEST_STEP][PASSED] - navigateToUrl("https://mattermost-cdnc.herokuapp.com/login"): Navigate to 'https://mattermost-cdnc.herokuapp.com/login' successfully

2020-05-23 16:55:11 - [MESSAGE][PASSED] - Navigate to 'https://mattermost-cdnc.herokuapp.com/login' successfully

2020-05-23 16:55:11 - [TEST_STEP][PASSED] - setText(findTestObject("Object Repository/login/Page_Mattermost/input_All team communication in one place s_703ef5"), username): Text 'huylich' is set on object 'Object Repository/login/Page_Mattermost/input_All team communication in one place s_703ef5'

2020-05-23 16:55:16 - [MESSAGE][PASSED] - Text 'huylich' is set on object 'Object Repository/login/Page_Mattermost/input_All team communication in one place s_703ef5'

2020-05-23 16:55:16 - [TEST_STEP][PASSED] - setEncryptedText(findTestObject("Object Repository/login/Page_Mattermost/input_All team communication in one place s_2f2733"), password): Text ****** has been set on object 'Object Repository/login/Page_Mattermost/input_All team communication in one place s_2f2733'

2020-05-23 16:55:17 - [MESSAGE][PASSED] - Text ****** has been set on object 'Object Repository/login/Page_Mattermost/input_All team communication in one place s_2f2733'

2020-05-23 16:55:17 - [TEST_STEP][PASSED] - click(findTestObject("Object Repository/login/Page_Mattermost/button_Sign in")): Object: 'Object Repository/login/Page_Mattermost/button_Sign in' is clicked on

2020-05-23 16:55:18 - [MESSAGE][PASSED] - Object: 'Object Repository/login/Page_Mattermost/button_Sign in' is clicked on

2020-05-23 16:55:18 - [TEST_STEP][PASSED] - closeBrowser(): Browser is closed

2020-05-23 16:55:19 - [MESSAGE][PASSED] - Browser is closed]]></system-out>
         <system-err><![CDATA[]]></system-err>
      </testcase>
      <testcase name="Test Cases/login/test 1" time="16.083" classname="Test Cases/login/test 1" status="PASSED">
         <system-out><![CDATA[2020-05-23 16:55:19 - [TEST_CASE][PASSED] - Test Cases/login/test 1: Test Cases/login/test 1

2020-05-23 16:55:19 - [TEST_STEP][PASSED] - openBrowser(""): Browser is opened with url: ''

2020-05-23 16:55:19 - [MESSAGE][INFO] - Starting 'Chrome' driver

2020-05-23 16:55:19 - [MESSAGE][INFO] - Action delay is set to 0 milliseconds

2020-05-23 16:55:24 - [MESSAGE][PASSED] - Browser is opened with url: ''

2020-05-23 16:55:24 - [TEST_STEP][PASSED] - navigateToUrl("https://mattermost-cdnc.herokuapp.com/login"): Navigate to 'https://mattermost-cdnc.herokuapp.com/login' successfully

2020-05-23 16:55:28 - [MESSAGE][PASSED] - Navigate to 'https://mattermost-cdnc.herokuapp.com/login' successfully

2020-05-23 16:55:28 - [TEST_STEP][PASSED] - setText(findTestObject("Object Repository/login/Page_Mattermost/input_All team communication in one place s_703ef5"), username): Text 'hoangthien' is set on object 'Object Repository/login/Page_Mattermost/input_All team communication in one place s_703ef5'

2020-05-23 16:55:33 - [MESSAGE][PASSED] - Text 'hoangthien' is set on object 'Object Repository/login/Page_Mattermost/input_All team communication in one place s_703ef5'

2020-05-23 16:55:33 - [TEST_STEP][PASSED] - setEncryptedText(findTestObject("Object Repository/login/Page_Mattermost/input_All team communication in one place s_2f2733"), password): Text ****** has been set on object 'Object Repository/login/Page_Mattermost/input_All team communication in one place s_2f2733'

2020-05-23 16:55:34 - [MESSAGE][PASSED] - Text ****** has been set on object 'Object Repository/login/Page_Mattermost/input_All team communication in one place s_2f2733'

2020-05-23 16:55:34 - [TEST_STEP][PASSED] - click(findTestObject("Object Repository/login/Page_Mattermost/button_Sign in")): Object: 'Object Repository/login/Page_Mattermost/button_Sign in' is clicked on

2020-05-23 16:55:34 - [MESSAGE][PASSED] - Object: 'Object Repository/login/Page_Mattermost/button_Sign in' is clicked on

2020-05-23 16:55:34 - [TEST_STEP][PASSED] - closeBrowser(): Browser is closed

2020-05-23 16:55:35 - [MESSAGE][PASSED] - Browser is closed]]></system-out>
         <system-err><![CDATA[]]></system-err>
      </testcase>
      <system-out><![CDATA[2020-05-23 16:54:07 - [TEST_SUITE][PASSED] - internal-data: Test Cases/login/test 1]]></system-out>
      <system-err><![CDATA[]]></system-err>
   </testsuite>
</testsuites>
