<?xml version="1.0" encoding="UTF-8"?>
<testsuites name="TS_login" time="94.535" tests="5" failures="0" errors="0">
   <testsuite name="TS_login" tests="5" failures="0" errors="0" time="94.535" timestamp="2020-05-24 15:41:33" hostname="XuanNghiem - DESKTOP-OT9E64N.mshome.net" id="Test Suites/Requirement_2/TS_login">
      <properties>
         <property name="deviceName" value=""/>
         <property name="devicePlatform" value=""/>
         <property name="logFolder" value="C:\\Users\\XuanNghiem\\git\\mattermost-katalon-testing\\Reports\\20200524_154128\\Requirement_2\\TS_login\\20200524_154128"/>
         <property name="logFiles" value="C:\\Users\\XuanNghiem\\git\\mattermost-katalon-testing\\Reports\\20200524_154128\\Requirement_2\\TS_login\\20200524_154128\\execution0.log"/>
         <property name="attachments" value=""/>
         <property name="hostName" value="XuanNghiem - DESKTOP-OT9E64N.mshome.net"/>
         <property name="os" value="Windows 10 64bit"/>
         <property name="katalonVersion" value="7.4.0.1"/>
         <property name="browser" value="Chrome 83.0.4103.61"/>
         <property name="hostAddress" value="192.168.137.1"/>
         <property name="sessionId" value="11abd0eceeca53cfd58cf36b57532819"/>
         <property name="seleniumVersion" value="3.141.59"/>
         <property name="proxyInformation" value="ProxyInformation{proxyOption=NO_PROXY, proxyServerType=HTTP, password=, proxyServerAddress=, proxyServerPort=0, executionList=}"/>
         <property name="platform" value="Windows 10"/>
      </properties>
      <testcase name="Test Cases/Requirement_2/TC_login" time="24.196" classname="Test Cases/Requirement_2/TC_login" status="PASSED">
         <system-out><![CDATA[2020-05-24 15:41:34 - [TEST_CASE][PASSED] - Test Cases/Requirement_2/TC_login: Test Cases/Requirement_2/TC_login

2020-05-24 15:41:35 - [TEST_STEP][PASSED] - openBrowser(""): Browser is opened with url: ''

2020-05-24 15:41:36 - [MESSAGE][INFO] - Starting 'Chrome' driver

2020-05-24 15:41:36 - [MESSAGE][INFO] - Action delay is set to 0 milliseconds

2020-05-24 15:41:44 - [MESSAGE][PASSED] - Browser is opened with url: ''

2020-05-24 15:41:44 - [TEST_STEP][PASSED] - navigateToUrl("https://mattermost-cdnc.herokuapp.com/login"): Navigate to 'https://mattermost-cdnc.herokuapp.com/login' successfully

2020-05-24 15:41:50 - [MESSAGE][PASSED] - Navigate to 'https://mattermost-cdnc.herokuapp.com/login' successfully

2020-05-24 15:41:50 - [TEST_STEP][PASSED] - setText(findTestObject("Object Repository/login/Page_Mattermost/input_All team communication in one place s_703ef5"), username): Text 'xuanghjem' is set on object 'Object Repository/login/Page_Mattermost/input_All team communication in one place s_703ef5'

2020-05-24 15:41:56 - [MESSAGE][PASSED] - Text 'xuanghjem' is set on object 'Object Repository/login/Page_Mattermost/input_All team communication in one place s_703ef5'

2020-05-24 15:41:56 - [TEST_STEP][PASSED] - setEncryptedText(findTestObject("Object Repository/login/Page_Mattermost/input_All team communication in one place s_2f2733"), password): Text ****** has been set on object 'Object Repository/login/Page_Mattermost/input_All team communication in one place s_2f2733'

2020-05-24 15:41:56 - [MESSAGE][PASSED] - Text ****** has been set on object 'Object Repository/login/Page_Mattermost/input_All team communication in one place s_2f2733'

2020-05-24 15:41:56 - [TEST_STEP][PASSED] - click(findTestObject("Object Repository/login/Page_Mattermost/button_Sign in")): Object: 'Object Repository/login/Page_Mattermost/button_Sign in' is clicked on

2020-05-24 15:41:57 - [MESSAGE][PASSED] - Object: 'Object Repository/login/Page_Mattermost/button_Sign in' is clicked on

2020-05-24 15:41:57 - [TEST_STEP][PASSED] - closeBrowser(): Browser is closed

2020-05-24 15:41:58 - [MESSAGE][PASSED] - Browser is closed]]></system-out>
         <system-err><![CDATA[]]></system-err>
      </testcase>
      <testcase name="Test Cases/Requirement_2/TC_login" time="17.201" classname="Test Cases/Requirement_2/TC_login" status="PASSED">
         <system-out><![CDATA[2020-05-24 15:41:58 - [TEST_CASE][PASSED] - Test Cases/Requirement_2/TC_login: Test Cases/Requirement_2/TC_login

2020-05-24 15:41:58 - [TEST_STEP][PASSED] - openBrowser(""): Browser is opened with url: ''

2020-05-24 15:41:58 - [MESSAGE][INFO] - Starting 'Chrome' driver

2020-05-24 15:41:58 - [MESSAGE][INFO] - Action delay is set to 0 milliseconds

2020-05-24 15:42:02 - [MESSAGE][PASSED] - Browser is opened with url: ''

2020-05-24 15:42:02 - [TEST_STEP][PASSED] - navigateToUrl("https://mattermost-cdnc.herokuapp.com/login"): Navigate to 'https://mattermost-cdnc.herokuapp.com/login' successfully

2020-05-24 15:42:07 - [MESSAGE][PASSED] - Navigate to 'https://mattermost-cdnc.herokuapp.com/login' successfully

2020-05-24 15:42:07 - [TEST_STEP][PASSED] - setText(findTestObject("Object Repository/login/Page_Mattermost/input_All team communication in one place s_703ef5"), username): Text 'hoangthien' is set on object 'Object Repository/login/Page_Mattermost/input_All team communication in one place s_703ef5'

2020-05-24 15:42:13 - [MESSAGE][PASSED] - Text 'hoangthien' is set on object 'Object Repository/login/Page_Mattermost/input_All team communication in one place s_703ef5'

2020-05-24 15:42:13 - [TEST_STEP][PASSED] - setEncryptedText(findTestObject("Object Repository/login/Page_Mattermost/input_All team communication in one place s_2f2733"), password): Text ****** has been set on object 'Object Repository/login/Page_Mattermost/input_All team communication in one place s_2f2733'

2020-05-24 15:42:14 - [MESSAGE][PASSED] - Text ****** has been set on object 'Object Repository/login/Page_Mattermost/input_All team communication in one place s_2f2733'

2020-05-24 15:42:14 - [TEST_STEP][PASSED] - click(findTestObject("Object Repository/login/Page_Mattermost/button_Sign in")): Object: 'Object Repository/login/Page_Mattermost/button_Sign in' is clicked on

2020-05-24 15:42:14 - [MESSAGE][PASSED] - Object: 'Object Repository/login/Page_Mattermost/button_Sign in' is clicked on

2020-05-24 15:42:14 - [TEST_STEP][PASSED] - closeBrowser(): Browser is closed

2020-05-24 15:42:15 - [MESSAGE][PASSED] - Browser is closed]]></system-out>
         <system-err><![CDATA[]]></system-err>
      </testcase>
      <testcase name="Test Cases/Requirement_2/TC_login" time="18.907" classname="Test Cases/Requirement_2/TC_login" status="PASSED">
         <system-out><![CDATA[2020-05-24 15:42:15 - [TEST_CASE][PASSED] - Test Cases/Requirement_2/TC_login: Test Cases/Requirement_2/TC_login

2020-05-24 15:42:15 - [TEST_STEP][PASSED] - openBrowser(""): Browser is opened with url: ''

2020-05-24 15:42:15 - [MESSAGE][INFO] - Starting 'Chrome' driver

2020-05-24 15:42:15 - [MESSAGE][INFO] - Action delay is set to 0 milliseconds

2020-05-24 15:42:19 - [MESSAGE][PASSED] - Browser is opened with url: ''

2020-05-24 15:42:19 - [TEST_STEP][PASSED] - navigateToUrl("https://mattermost-cdnc.herokuapp.com/login"): Navigate to 'https://mattermost-cdnc.herokuapp.com/login' successfully

2020-05-24 15:42:24 - [MESSAGE][PASSED] - Navigate to 'https://mattermost-cdnc.herokuapp.com/login' successfully

2020-05-24 15:42:24 - [TEST_STEP][PASSED] - setText(findTestObject("Object Repository/login/Page_Mattermost/input_All team communication in one place s_703ef5"), username): Text 'vanthin' is set on object 'Object Repository/login/Page_Mattermost/input_All team communication in one place s_703ef5'

2020-05-24 15:42:31 - [MESSAGE][PASSED] - Text 'vanthin' is set on object 'Object Repository/login/Page_Mattermost/input_All team communication in one place s_703ef5'

2020-05-24 15:42:31 - [TEST_STEP][PASSED] - setEncryptedText(findTestObject("Object Repository/login/Page_Mattermost/input_All team communication in one place s_2f2733"), password): Text ****** has been set on object 'Object Repository/login/Page_Mattermost/input_All team communication in one place s_2f2733'

2020-05-24 15:42:32 - [MESSAGE][PASSED] - Text ****** has been set on object 'Object Repository/login/Page_Mattermost/input_All team communication in one place s_2f2733'

2020-05-24 15:42:32 - [TEST_STEP][PASSED] - click(findTestObject("Object Repository/login/Page_Mattermost/button_Sign in")): Object: 'Object Repository/login/Page_Mattermost/button_Sign in' is clicked on

2020-05-24 15:42:33 - [MESSAGE][PASSED] - Object: 'Object Repository/login/Page_Mattermost/button_Sign in' is clicked on

2020-05-24 15:42:33 - [TEST_STEP][PASSED] - closeBrowser(): Browser is closed

2020-05-24 15:42:34 - [MESSAGE][PASSED] - Browser is closed]]></system-out>
         <system-err><![CDATA[]]></system-err>
      </testcase>
      <testcase name="Test Cases/Requirement_2/TC_login" time="17.459" classname="Test Cases/Requirement_2/TC_login" status="PASSED">
         <system-out><![CDATA[2020-05-24 15:42:34 - [TEST_CASE][PASSED] - Test Cases/Requirement_2/TC_login: Test Cases/Requirement_2/TC_login

2020-05-24 15:42:34 - [TEST_STEP][PASSED] - openBrowser(""): Browser is opened with url: ''

2020-05-24 15:42:34 - [MESSAGE][INFO] - Starting 'Chrome' driver

2020-05-24 15:42:34 - [MESSAGE][INFO] - Action delay is set to 0 milliseconds

2020-05-24 15:42:39 - [MESSAGE][PASSED] - Browser is opened with url: ''

2020-05-24 15:42:39 - [TEST_STEP][PASSED] - navigateToUrl("https://mattermost-cdnc.herokuapp.com/login"): Navigate to 'https://mattermost-cdnc.herokuapp.com/login' successfully

2020-05-24 15:42:44 - [MESSAGE][PASSED] - Navigate to 'https://mattermost-cdnc.herokuapp.com/login' successfully

2020-05-24 15:42:44 - [TEST_STEP][PASSED] - setText(findTestObject("Object Repository/login/Page_Mattermost/input_All team communication in one place s_703ef5"), username): Text 'huylich' is set on object 'Object Repository/login/Page_Mattermost/input_All team communication in one place s_703ef5'

2020-05-24 15:42:49 - [MESSAGE][PASSED] - Text 'huylich' is set on object 'Object Repository/login/Page_Mattermost/input_All team communication in one place s_703ef5'

2020-05-24 15:42:49 - [TEST_STEP][PASSED] - setEncryptedText(findTestObject("Object Repository/login/Page_Mattermost/input_All team communication in one place s_2f2733"), password): Text ****** has been set on object 'Object Repository/login/Page_Mattermost/input_All team communication in one place s_2f2733'

2020-05-24 15:42:50 - [MESSAGE][PASSED] - Text ****** has been set on object 'Object Repository/login/Page_Mattermost/input_All team communication in one place s_2f2733'

2020-05-24 15:42:50 - [TEST_STEP][PASSED] - click(findTestObject("Object Repository/login/Page_Mattermost/button_Sign in")): Object: 'Object Repository/login/Page_Mattermost/button_Sign in' is clicked on

2020-05-24 15:42:51 - [MESSAGE][PASSED] - Object: 'Object Repository/login/Page_Mattermost/button_Sign in' is clicked on

2020-05-24 15:42:51 - [TEST_STEP][PASSED] - closeBrowser(): Browser is closed

2020-05-24 15:42:52 - [MESSAGE][PASSED] - Browser is closed]]></system-out>
         <system-err><![CDATA[]]></system-err>
      </testcase>
      <testcase name="Test Cases/Requirement_2/TC_login" time="15.603" classname="Test Cases/Requirement_2/TC_login" status="PASSED">
         <system-out><![CDATA[2020-05-24 15:42:52 - [TEST_CASE][PASSED] - Test Cases/Requirement_2/TC_login: Test Cases/Requirement_2/TC_login

2020-05-24 15:42:52 - [TEST_STEP][PASSED] - openBrowser(""): Browser is opened with url: ''

2020-05-24 15:42:52 - [MESSAGE][INFO] - Starting 'Chrome' driver

2020-05-24 15:42:52 - [MESSAGE][INFO] - Action delay is set to 0 milliseconds

2020-05-24 15:42:56 - [MESSAGE][PASSED] - Browser is opened with url: ''

2020-05-24 15:42:56 - [TEST_STEP][PASSED] - navigateToUrl("https://mattermost-cdnc.herokuapp.com/login"): Navigate to 'https://mattermost-cdnc.herokuapp.com/login' successfully

2020-05-24 15:43:00 - [MESSAGE][PASSED] - Navigate to 'https://mattermost-cdnc.herokuapp.com/login' successfully

2020-05-24 15:43:00 - [TEST_STEP][PASSED] - setText(findTestObject("Object Repository/login/Page_Mattermost/input_All team communication in one place s_703ef5"), username): Text 'ductruyen' is set on object 'Object Repository/login/Page_Mattermost/input_All team communication in one place s_703ef5'

2020-05-24 15:43:05 - [MESSAGE][PASSED] - Text 'ductruyen' is set on object 'Object Repository/login/Page_Mattermost/input_All team communication in one place s_703ef5'

2020-05-24 15:43:05 - [TEST_STEP][PASSED] - setEncryptedText(findTestObject("Object Repository/login/Page_Mattermost/input_All team communication in one place s_2f2733"), password): Text ****** has been set on object 'Object Repository/login/Page_Mattermost/input_All team communication in one place s_2f2733'

2020-05-24 15:43:05 - [MESSAGE][PASSED] - Text ****** has been set on object 'Object Repository/login/Page_Mattermost/input_All team communication in one place s_2f2733'

2020-05-24 15:43:05 - [TEST_STEP][PASSED] - click(findTestObject("Object Repository/login/Page_Mattermost/button_Sign in")): Object: 'Object Repository/login/Page_Mattermost/button_Sign in' is clicked on

2020-05-24 15:43:06 - [MESSAGE][PASSED] - Object: 'Object Repository/login/Page_Mattermost/button_Sign in' is clicked on

2020-05-24 15:43:06 - [TEST_STEP][PASSED] - closeBrowser(): Browser is closed

2020-05-24 15:43:07 - [MESSAGE][PASSED] - Browser is closed]]></system-out>
         <system-err><![CDATA[]]></system-err>
      </testcase>
      <system-out><![CDATA[2020-05-24 15:41:33 - [TEST_SUITE][PASSED] - TS_login: Test Cases/Requirement_2/TC_login]]></system-out>
      <system-err><![CDATA[]]></system-err>
   </testsuite>
</testsuites>
