<?xml version="1.0" encoding="UTF-8"?>
<testsuites name="TC_001" time="113.865" tests="5" failures="0" errors="0">
   <testsuite name="TC_001" tests="5" failures="0" errors="0" time="113.865" timestamp="2020-05-24 15:28:27" hostname="XuanNghiem - DESKTOP-OT9E64N.mshome.net" id="Test Suites/login/TC_001">
      <properties>
         <property name="deviceName" value=""/>
         <property name="devicePlatform" value=""/>
         <property name="logFolder" value="C:\\Users\\XuanNghiem\\git\\mattermost-katalon-testing\\Reports\\20200524_152822\\login\\TC_001\\20200524_152822"/>
         <property name="logFiles" value="C:\\Users\\XuanNghiem\\git\\mattermost-katalon-testing\\Reports\\20200524_152822\\login\\TC_001\\20200524_152822\\execution0.log"/>
         <property name="attachments" value=""/>
         <property name="hostName" value="XuanNghiem - DESKTOP-OT9E64N.mshome.net"/>
         <property name="os" value="Windows 10 64bit"/>
         <property name="katalonVersion" value="7.4.0.1"/>
         <property name="browser" value="Chrome 83.0.4103.61"/>
         <property name="hostAddress" value="192.168.137.1"/>
         <property name="sessionId" value="ecb3d7abb3f380cda2cdc14393fc7bd9"/>
         <property name="seleniumVersion" value="3.141.59"/>
         <property name="proxyInformation" value="ProxyInformation{proxyOption=NO_PROXY, proxyServerType=HTTP, password=, proxyServerAddress=, proxyServerPort=0, executionList=}"/>
         <property name="platform" value="Windows 10"/>
      </properties>
      <testcase name="Test Cases/login/test 1" time="38.864" classname="Test Cases/login/test 1" status="PASSED">
         <system-out><![CDATA[2020-05-24 15:28:28 - [TEST_CASE][PASSED] - Test Cases/login/test 1: Test Cases/login/test 1

2020-05-24 15:28:29 - [TEST_STEP][PASSED] - openBrowser(""): Browser is opened with url: ''

2020-05-24 15:28:30 - [MESSAGE][INFO] - Starting 'Chrome' driver

2020-05-24 15:28:30 - [MESSAGE][INFO] - Action delay is set to 0 milliseconds

2020-05-24 15:28:38 - [MESSAGE][PASSED] - Browser is opened with url: ''

2020-05-24 15:28:38 - [TEST_STEP][PASSED] - navigateToUrl("https://mattermost-cdnc.herokuapp.com/login"): Navigate to 'https://mattermost-cdnc.herokuapp.com/login' successfully

2020-05-24 15:28:59 - [MESSAGE][PASSED] - Navigate to 'https://mattermost-cdnc.herokuapp.com/login' successfully

2020-05-24 15:28:59 - [TEST_STEP][PASSED] - setText(findTestObject("Object Repository/login/Page_Mattermost/input_All team communication in one place s_703ef5"), username): Text 'xuanghjem' is set on object 'Object Repository/login/Page_Mattermost/input_All team communication in one place s_703ef5'

2020-05-24 15:29:05 - [MESSAGE][PASSED] - Text 'xuanghjem' is set on object 'Object Repository/login/Page_Mattermost/input_All team communication in one place s_703ef5'

2020-05-24 15:29:05 - [TEST_STEP][PASSED] - setEncryptedText(findTestObject("Object Repository/login/Page_Mattermost/input_All team communication in one place s_2f2733"), password): Text ****** has been set on object 'Object Repository/login/Page_Mattermost/input_All team communication in one place s_2f2733'

2020-05-24 15:29:05 - [MESSAGE][PASSED] - Text ****** has been set on object 'Object Repository/login/Page_Mattermost/input_All team communication in one place s_2f2733'

2020-05-24 15:29:05 - [TEST_STEP][PASSED] - click(findTestObject("Object Repository/login/Page_Mattermost/button_Sign in")): Object: 'Object Repository/login/Page_Mattermost/button_Sign in' is clicked on

2020-05-24 15:29:06 - [MESSAGE][PASSED] - Object: 'Object Repository/login/Page_Mattermost/button_Sign in' is clicked on

2020-05-24 15:29:06 - [TEST_STEP][PASSED] - closeBrowser(): Browser is closed

2020-05-24 15:29:07 - [MESSAGE][PASSED] - Browser is closed]]></system-out>
         <system-err><![CDATA[]]></system-err>
      </testcase>
      <testcase name="Test Cases/login/test 1" time="19.471" classname="Test Cases/login/test 1" status="PASSED">
         <system-out><![CDATA[2020-05-24 15:29:07 - [TEST_CASE][PASSED] - Test Cases/login/test 1: Test Cases/login/test 1

2020-05-24 15:29:07 - [TEST_STEP][PASSED] - openBrowser(""): Browser is opened with url: ''

2020-05-24 15:29:07 - [MESSAGE][INFO] - Starting 'Chrome' driver

2020-05-24 15:29:07 - [MESSAGE][INFO] - Action delay is set to 0 milliseconds

2020-05-24 15:29:11 - [MESSAGE][PASSED] - Browser is opened with url: ''

2020-05-24 15:29:11 - [TEST_STEP][PASSED] - navigateToUrl("https://mattermost-cdnc.herokuapp.com/login"): Navigate to 'https://mattermost-cdnc.herokuapp.com/login' successfully

2020-05-24 15:29:18 - [MESSAGE][PASSED] - Navigate to 'https://mattermost-cdnc.herokuapp.com/login' successfully

2020-05-24 15:29:18 - [TEST_STEP][PASSED] - setText(findTestObject("Object Repository/login/Page_Mattermost/input_All team communication in one place s_703ef5"), username): Text 'hoangthien' is set on object 'Object Repository/login/Page_Mattermost/input_All team communication in one place s_703ef5'

2020-05-24 15:29:24 - [MESSAGE][PASSED] - Text 'hoangthien' is set on object 'Object Repository/login/Page_Mattermost/input_All team communication in one place s_703ef5'

2020-05-24 15:29:24 - [TEST_STEP][PASSED] - setEncryptedText(findTestObject("Object Repository/login/Page_Mattermost/input_All team communication in one place s_2f2733"), password): Text ****** has been set on object 'Object Repository/login/Page_Mattermost/input_All team communication in one place s_2f2733'

2020-05-24 15:29:25 - [MESSAGE][PASSED] - Text ****** has been set on object 'Object Repository/login/Page_Mattermost/input_All team communication in one place s_2f2733'

2020-05-24 15:29:25 - [TEST_STEP][PASSED] - click(findTestObject("Object Repository/login/Page_Mattermost/button_Sign in")): Object: 'Object Repository/login/Page_Mattermost/button_Sign in' is clicked on

2020-05-24 15:29:26 - [MESSAGE][PASSED] - Object: 'Object Repository/login/Page_Mattermost/button_Sign in' is clicked on

2020-05-24 15:29:26 - [TEST_STEP][PASSED] - closeBrowser(): Browser is closed

2020-05-24 15:29:27 - [MESSAGE][PASSED] - Browser is closed]]></system-out>
         <system-err><![CDATA[]]></system-err>
      </testcase>
      <testcase name="Test Cases/login/test 1" time="14.909" classname="Test Cases/login/test 1" status="PASSED">
         <system-out><![CDATA[2020-05-24 15:29:27 - [TEST_CASE][PASSED] - Test Cases/login/test 1: Test Cases/login/test 1

2020-05-24 15:29:27 - [TEST_STEP][PASSED] - openBrowser(""): Browser is opened with url: ''

2020-05-24 15:29:27 - [MESSAGE][INFO] - Starting 'Chrome' driver

2020-05-24 15:29:27 - [MESSAGE][INFO] - Action delay is set to 0 milliseconds

2020-05-24 15:29:31 - [MESSAGE][PASSED] - Browser is opened with url: ''

2020-05-24 15:29:31 - [TEST_STEP][PASSED] - navigateToUrl("https://mattermost-cdnc.herokuapp.com/login"): Navigate to 'https://mattermost-cdnc.herokuapp.com/login' successfully

2020-05-24 15:29:35 - [MESSAGE][PASSED] - Navigate to 'https://mattermost-cdnc.herokuapp.com/login' successfully

2020-05-24 15:29:35 - [TEST_STEP][PASSED] - setText(findTestObject("Object Repository/login/Page_Mattermost/input_All team communication in one place s_703ef5"), username): Text 'vanthin' is set on object 'Object Repository/login/Page_Mattermost/input_All team communication in one place s_703ef5'

2020-05-24 15:29:39 - [MESSAGE][PASSED] - Text 'vanthin' is set on object 'Object Repository/login/Page_Mattermost/input_All team communication in one place s_703ef5'

2020-05-24 15:29:39 - [TEST_STEP][PASSED] - setEncryptedText(findTestObject("Object Repository/login/Page_Mattermost/input_All team communication in one place s_2f2733"), password): Text ****** has been set on object 'Object Repository/login/Page_Mattermost/input_All team communication in one place s_2f2733'

2020-05-24 15:29:40 - [MESSAGE][PASSED] - Text ****** has been set on object 'Object Repository/login/Page_Mattermost/input_All team communication in one place s_2f2733'

2020-05-24 15:29:40 - [TEST_STEP][PASSED] - click(findTestObject("Object Repository/login/Page_Mattermost/button_Sign in")): Object: 'Object Repository/login/Page_Mattermost/button_Sign in' is clicked on

2020-05-24 15:29:41 - [MESSAGE][PASSED] - Object: 'Object Repository/login/Page_Mattermost/button_Sign in' is clicked on

2020-05-24 15:29:41 - [TEST_STEP][PASSED] - closeBrowser(): Browser is closed

2020-05-24 15:29:42 - [MESSAGE][PASSED] - Browser is closed]]></system-out>
         <system-err><![CDATA[]]></system-err>
      </testcase>
      <testcase name="Test Cases/login/test 1" time="18.362" classname="Test Cases/login/test 1" status="PASSED">
         <system-out><![CDATA[2020-05-24 15:29:42 - [TEST_CASE][PASSED] - Test Cases/login/test 1: Test Cases/login/test 1

2020-05-24 15:29:42 - [TEST_STEP][PASSED] - openBrowser(""): Browser is opened with url: ''

2020-05-24 15:29:42 - [MESSAGE][INFO] - Starting 'Chrome' driver

2020-05-24 15:29:42 - [MESSAGE][INFO] - Action delay is set to 0 milliseconds

2020-05-24 15:29:45 - [MESSAGE][PASSED] - Browser is opened with url: ''

2020-05-24 15:29:45 - [TEST_STEP][PASSED] - navigateToUrl("https://mattermost-cdnc.herokuapp.com/login"): Navigate to 'https://mattermost-cdnc.herokuapp.com/login' successfully

2020-05-24 15:29:53 - [MESSAGE][PASSED] - Navigate to 'https://mattermost-cdnc.herokuapp.com/login' successfully

2020-05-24 15:29:53 - [TEST_STEP][PASSED] - setText(findTestObject("Object Repository/login/Page_Mattermost/input_All team communication in one place s_703ef5"), username): Text 'huylich' is set on object 'Object Repository/login/Page_Mattermost/input_All team communication in one place s_703ef5'

2020-05-24 15:29:58 - [MESSAGE][PASSED] - Text 'huylich' is set on object 'Object Repository/login/Page_Mattermost/input_All team communication in one place s_703ef5'

2020-05-24 15:29:58 - [TEST_STEP][PASSED] - setEncryptedText(findTestObject("Object Repository/login/Page_Mattermost/input_All team communication in one place s_2f2733"), password): Text ****** has been set on object 'Object Repository/login/Page_Mattermost/input_All team communication in one place s_2f2733'

2020-05-24 15:29:59 - [MESSAGE][PASSED] - Text ****** has been set on object 'Object Repository/login/Page_Mattermost/input_All team communication in one place s_2f2733'

2020-05-24 15:29:59 - [TEST_STEP][PASSED] - click(findTestObject("Object Repository/login/Page_Mattermost/button_Sign in")): Object: 'Object Repository/login/Page_Mattermost/button_Sign in' is clicked on

2020-05-24 15:29:59 - [MESSAGE][PASSED] - Object: 'Object Repository/login/Page_Mattermost/button_Sign in' is clicked on

2020-05-24 15:29:59 - [TEST_STEP][PASSED] - closeBrowser(): Browser is closed

2020-05-24 15:30:00 - [MESSAGE][PASSED] - Browser is closed]]></system-out>
         <system-err><![CDATA[]]></system-err>
      </testcase>
      <testcase name="Test Cases/login/test 1" time="21.044" classname="Test Cases/login/test 1" status="PASSED">
         <system-out><![CDATA[2020-05-24 15:30:00 - [TEST_CASE][PASSED] - Test Cases/login/test 1: Test Cases/login/test 1

2020-05-24 15:30:00 - [TEST_STEP][PASSED] - openBrowser(""): Browser is opened with url: ''

2020-05-24 15:30:00 - [MESSAGE][INFO] - Starting 'Chrome' driver

2020-05-24 15:30:00 - [MESSAGE][INFO] - Action delay is set to 0 milliseconds

2020-05-24 15:30:04 - [MESSAGE][PASSED] - Browser is opened with url: ''

2020-05-24 15:30:04 - [TEST_STEP][PASSED] - navigateToUrl("https://mattermost-cdnc.herokuapp.com/login"): Navigate to 'https://mattermost-cdnc.herokuapp.com/login' successfully

2020-05-24 15:30:13 - [MESSAGE][PASSED] - Navigate to 'https://mattermost-cdnc.herokuapp.com/login' successfully

2020-05-24 15:30:13 - [TEST_STEP][PASSED] - setText(findTestObject("Object Repository/login/Page_Mattermost/input_All team communication in one place s_703ef5"), username): Text 'ductruyen' is set on object 'Object Repository/login/Page_Mattermost/input_All team communication in one place s_703ef5'

2020-05-24 15:30:19 - [MESSAGE][PASSED] - Text 'ductruyen' is set on object 'Object Repository/login/Page_Mattermost/input_All team communication in one place s_703ef5'

2020-05-24 15:30:19 - [TEST_STEP][PASSED] - setEncryptedText(findTestObject("Object Repository/login/Page_Mattermost/input_All team communication in one place s_2f2733"), password): Text ****** has been set on object 'Object Repository/login/Page_Mattermost/input_All team communication in one place s_2f2733'

2020-05-24 15:30:20 - [MESSAGE][PASSED] - Text ****** has been set on object 'Object Repository/login/Page_Mattermost/input_All team communication in one place s_2f2733'

2020-05-24 15:30:20 - [TEST_STEP][PASSED] - click(findTestObject("Object Repository/login/Page_Mattermost/button_Sign in")): Object: 'Object Repository/login/Page_Mattermost/button_Sign in' is clicked on

2020-05-24 15:30:20 - [MESSAGE][PASSED] - Object: 'Object Repository/login/Page_Mattermost/button_Sign in' is clicked on

2020-05-24 15:30:20 - [TEST_STEP][PASSED] - closeBrowser(): Browser is closed

2020-05-24 15:30:21 - [MESSAGE][PASSED] - Browser is closed]]></system-out>
         <system-err><![CDATA[]]></system-err>
      </testcase>
      <system-out><![CDATA[2020-05-24 15:28:27 - [TEST_SUITE][PASSED] - TC_001: Test Cases/login/test 1]]></system-out>
      <system-err><![CDATA[]]></system-err>
   </testsuite>
</testsuites>
