<?xml version="1.0" encoding="UTF-8"?>
<testsuites name="TS_02_UpdateProfile" time="3.847" tests="5" failures="0" errors="0">
   <testsuite name="TS_02_UpdateProfile" tests="5" failures="0" errors="0" time="3.847" timestamp="2020-05-24 19:09:25" hostname="XuanNghiem - DESKTOP-OT9E64N" id="Test Suites/data-driven/TS_02_UpdateProfile">
      <properties>
         <property name="deviceName" value=""/>
         <property name="devicePlatform" value=""/>
         <property name="logFolder" value="C:\\Users\\XuanNghiem\\git\\mattermost-katalon-testing\\Reports\\20200524_190919\\data-driven\\TS_02_UpdateProfile\\20200524_190919"/>
         <property name="logFiles" value="C:\\Users\\XuanNghiem\\git\\mattermost-katalon-testing\\Reports\\20200524_190919\\data-driven\\TS_02_UpdateProfile\\20200524_190919\\execution0.log"/>
         <property name="attachments" value=""/>
         <property name="hostName" value="XuanNghiem - DESKTOP-OT9E64N"/>
         <property name="hostAddress" value="192.168.100.14"/>
         <property name="os" value="Windows 10 64bit"/>
         <property name="katalonVersion" value="7.4.0.1"/>
      </properties>
      <testcase name="Test Cases/Requirement_02/data-driven/TC_02_UpdateProfile" time="1.101" classname="Test Cases/Requirement_02/data-driven/TC_02_UpdateProfile" status="PASSED">
         <system-out><![CDATA[2020-05-24 19:09:26 - [TEST_CASE][PASSED] - Test Cases/Requirement_02/data-driven/TC_02_UpdateProfile: Test Cases/Requirement_02/data-driven/TC_02_UpdateProfile

2020-05-24 19:09:27 - [TEST_STEP][PASSED] - return null: null]]></system-out>
         <system-err><![CDATA[]]></system-err>
      </testcase>
      <testcase name="Test Cases/Requirement_02/data-driven/TC_02_UpdateProfile" time="0.149" classname="Test Cases/Requirement_02/data-driven/TC_02_UpdateProfile" status="PASSED">
         <system-out><![CDATA[2020-05-24 19:09:27 - [TEST_CASE][PASSED] - Test Cases/Requirement_02/data-driven/TC_02_UpdateProfile: Test Cases/Requirement_02/data-driven/TC_02_UpdateProfile

2020-05-24 19:09:27 - [TEST_STEP][PASSED] - return null: null]]></system-out>
         <system-err><![CDATA[]]></system-err>
      </testcase>
      <testcase name="Test Cases/Requirement_02/data-driven/TC_02_UpdateProfile" time="0.051" classname="Test Cases/Requirement_02/data-driven/TC_02_UpdateProfile" status="PASSED">
         <system-out><![CDATA[2020-05-24 19:09:27 - [TEST_CASE][PASSED] - Test Cases/Requirement_02/data-driven/TC_02_UpdateProfile: Test Cases/Requirement_02/data-driven/TC_02_UpdateProfile

2020-05-24 19:09:27 - [TEST_STEP][PASSED] - return null: null]]></system-out>
         <system-err><![CDATA[]]></system-err>
      </testcase>
      <testcase name="Test Cases/Requirement_02/data-driven/TC_02_UpdateProfile" time="0.152" classname="Test Cases/Requirement_02/data-driven/TC_02_UpdateProfile" status="PASSED">
         <system-out><![CDATA[2020-05-24 19:09:28 - [TEST_CASE][PASSED] - Test Cases/Requirement_02/data-driven/TC_02_UpdateProfile: Test Cases/Requirement_02/data-driven/TC_02_UpdateProfile

2020-05-24 19:09:28 - [TEST_STEP][PASSED] - return null: null]]></system-out>
         <system-err><![CDATA[]]></system-err>
      </testcase>
      <testcase name="Test Cases/Requirement_02/data-driven/TC_02_UpdateProfile" time="0.018" classname="Test Cases/Requirement_02/data-driven/TC_02_UpdateProfile" status="PASSED">
         <system-out><![CDATA[2020-05-24 19:09:28 - [TEST_CASE][PASSED] - Test Cases/Requirement_02/data-driven/TC_02_UpdateProfile: Test Cases/Requirement_02/data-driven/TC_02_UpdateProfile

2020-05-24 19:09:28 - [TEST_STEP][PASSED] - return null: null]]></system-out>
         <system-err><![CDATA[]]></system-err>
      </testcase>
      <system-out><![CDATA[2020-05-24 19:09:25 - [TEST_SUITE][PASSED] - TS_02_UpdateProfile: Test Cases/Requirement_02/data-driven/TC_02_UpdateProfile]]></system-out>
      <system-err><![CDATA[]]></system-err>
   </testsuite>
</testsuites>
