<?xml version="1.0" encoding="UTF-8"?>
<testsuites name="TS_02_UpdateProfile" time="178.244" tests="5" failures="0" errors="0">
   <testsuite name="TS_02_UpdateProfile" tests="5" failures="0" errors="0" time="178.244" timestamp="2020-05-24 19:23:14" hostname="XuanNghiem - DESKTOP-OT9E64N" id="Test Suites/data-driven/TS_02_UpdateProfile">
      <properties>
         <property name="deviceName" value=""/>
         <property name="devicePlatform" value=""/>
         <property name="logFolder" value="C:\\Users\\XuanNghiem\\git\\mattermost-katalon-testing\\Reports\\20200524_192308\\data-driven\\TS_02_UpdateProfile\\20200524_192308"/>
         <property name="logFiles" value="C:\\Users\\XuanNghiem\\git\\mattermost-katalon-testing\\Reports\\20200524_192308\\data-driven\\TS_02_UpdateProfile\\20200524_192308\\execution0.log"/>
         <property name="attachments" value=""/>
         <property name="hostName" value="XuanNghiem - DESKTOP-OT9E64N"/>
         <property name="os" value="Windows 10 64bit"/>
         <property name="katalonVersion" value="7.4.0.1"/>
         <property name="browser" value="Chrome 83.0.4103.61"/>
         <property name="hostAddress" value="192.168.100.14"/>
         <property name="sessionId" value="477fcffc95d8597c450ada8d83ebff45"/>
         <property name="seleniumVersion" value="3.141.59"/>
         <property name="proxyInformation" value="ProxyInformation{proxyOption=NO_PROXY, proxyServerType=HTTP, password=, proxyServerAddress=, proxyServerPort=0, executionList=}"/>
         <property name="platform" value="Windows 10"/>
      </properties>
      <testcase name="Test Cases/Requirement_02/data-driven/TC_02_UpdateProfile" time="33.409" classname="Test Cases/Requirement_02/data-driven/TC_02_UpdateProfile" status="PASSED">
         <system-out><![CDATA[2020-05-24 19:23:15 - [TEST_CASE][PASSED] - Test Cases/Requirement_02/data-driven/TC_02_UpdateProfile: Test Cases/Requirement_02/data-driven/TC_02_UpdateProfile

2020-05-24 19:23:16 - [TEST_STEP][PASSED] - openBrowser(""): Browser is opened with url: ''

2020-05-24 19:23:17 - [MESSAGE][INFO] - Starting 'Chrome' driver

2020-05-24 19:23:17 - [MESSAGE][INFO] - Action delay is set to 0 milliseconds

2020-05-24 19:23:25 - [MESSAGE][PASSED] - Browser is opened with url: ''

2020-05-24 19:23:25 - [TEST_STEP][PASSED] - navigateToUrl("https://mattermost-cdnc.herokuapp.com/xuan-nghiem-210/channels/town-square"): Navigate to 'https://mattermost-cdnc.herokuapp.com/xuan-nghiem-210/channels/town-square' successfully

2020-05-24 19:23:29 - [MESSAGE][PASSED] - Navigate to 'https://mattermost-cdnc.herokuapp.com/xuan-nghiem-210/channels/town-square' successfully

2020-05-24 19:23:29 - [TEST_STEP][PASSED] - setText(findTestObject("data-driven/02_UpdateProfile/Page_Mattermost/input_All team communication in one place s_703ef5"), "xuanghjem"): Text 'xuanghjem' is set on object 'Object Repository/data-driven/02_UpdateProfile/Page_Mattermost/input_All team communication in one place s_703ef5'

2020-05-24 19:23:38 - [MESSAGE][PASSED] - Text 'xuanghjem' is set on object 'Object Repository/data-driven/02_UpdateProfile/Page_Mattermost/input_All team communication in one place s_703ef5'

2020-05-24 19:23:38 - [TEST_STEP][PASSED] - setEncryptedText(findTestObject("data-driven/02_UpdateProfile/Page_Mattermost/input_All team communication in one place s_2f2733"), "vR0tJW96iAE="): Text ****** has been set on object 'Object Repository/data-driven/02_UpdateProfile/Page_Mattermost/input_All team communication in one place s_2f2733'

2020-05-24 19:23:39 - [MESSAGE][PASSED] - Text ****** has been set on object 'Object Repository/data-driven/02_UpdateProfile/Page_Mattermost/input_All team communication in one place s_2f2733'

2020-05-24 19:23:39 - [TEST_STEP][PASSED] - click(findTestObject("data-driven/02_UpdateProfile/Page_Mattermost/button_Sign in")): Object: 'Object Repository/data-driven/02_UpdateProfile/Page_Mattermost/button_Sign in' is clicked on

2020-05-24 19:23:40 - [MESSAGE][PASSED] - Object: 'Object Repository/data-driven/02_UpdateProfile/Page_Mattermost/button_Sign in' is clicked on

2020-05-24 19:23:40 - [TEST_STEP][PASSED] - click(findTestObject("data-driven/02_UpdateProfile/Page_Town Square - Xun Nghim Mattermost/svg")): Object: 'Object Repository/data-driven/02_UpdateProfile/Page_Town Square - Xun Nghim Mattermost/svg' is clicked on

2020-05-24 19:23:42 - [MESSAGE][PASSED] - Object: 'Object Repository/data-driven/02_UpdateProfile/Page_Town Square - Xun Nghim Mattermost/svg' is clicked on

2020-05-24 19:23:42 - [TEST_STEP][PASSED] - click(findTestObject("data-driven/02_UpdateProfile/Page_Town Square - Xun Nghim Mattermost/span_Account Settings")): Object: 'Object Repository/data-driven/02_UpdateProfile/Page_Town Square - Xun Nghim Mattermost/span_Account Settings' is clicked on

2020-05-24 19:23:43 - [MESSAGE][PASSED] - Object: 'Object Repository/data-driven/02_UpdateProfile/Page_Town Square - Xun Nghim Mattermost/span_Account Settings' is clicked on

2020-05-24 19:23:43 - [TEST_STEP][PASSED] - click(findTestObject("data-driven/02_UpdateProfile/Page_Town Square - Xun Nghim Mattermost/span_Edit")): Object: 'Object Repository/data-driven/02_UpdateProfile/Page_Town Square - Xun Nghim Mattermost/span_Edit' is clicked on

2020-05-24 19:23:44 - [MESSAGE][PASSED] - Object: 'Object Repository/data-driven/02_UpdateProfile/Page_Town Square - Xun Nghim Mattermost/span_Edit' is clicked on

2020-05-24 19:23:44 - [TEST_STEP][PASSED] - setText(findTestObject("data-driven/02_UpdateProfile/Page_Town Square - Xun Nghim Mattermost/input_First Name_firstName"), firstname): Text 'Nguyễn' is set on object 'Object Repository/data-driven/02_UpdateProfile/Page_Town Square - Xun Nghim Mattermost/input_First Name_firstName'

2020-05-24 19:23:45 - [MESSAGE][PASSED] - Text 'Nguyễn' is set on object 'Object Repository/data-driven/02_UpdateProfile/Page_Town Square - Xun Nghim Mattermost/input_First Name_firstName'

2020-05-24 19:23:45 - [TEST_STEP][PASSED] - setText(findTestObject("data-driven/02_UpdateProfile/Page_Town Square - Xun Nghim Mattermost/input_Last Name_lastName"), lastname): Text 'Văn Thìn' is set on object 'Object Repository/data-driven/02_UpdateProfile/Page_Town Square - Xun Nghim Mattermost/input_Last Name_lastName'

2020-05-24 19:23:46 - [MESSAGE][PASSED] - Text 'Văn Thìn' is set on object 'Object Repository/data-driven/02_UpdateProfile/Page_Town Square - Xun Nghim Mattermost/input_Last Name_lastName'

2020-05-24 19:23:46 - [TEST_STEP][PASSED] - click(findTestObject("data-driven/02_UpdateProfile/Page_Town Square - Xun Nghim Mattermost/span_Save")): Object: 'Object Repository/data-driven/02_UpdateProfile/Page_Town Square - Xun Nghim Mattermost/span_Save' is clicked on

2020-05-24 19:23:47 - [MESSAGE][PASSED] - Object: 'Object Repository/data-driven/02_UpdateProfile/Page_Town Square - Xun Nghim Mattermost/span_Save' is clicked on

2020-05-24 19:23:47 - [TEST_STEP][PASSED] - closeBrowser(): Browser is closed

2020-05-24 19:23:48 - [MESSAGE][PASSED] - Browser is closed]]></system-out>
         <system-err><![CDATA[]]></system-err>
      </testcase>
      <testcase name="Test Cases/Requirement_02/data-driven/TC_02_UpdateProfile" time="67.314" classname="Test Cases/Requirement_02/data-driven/TC_02_UpdateProfile" status="PASSED">
         <system-out><![CDATA[2020-05-24 19:23:48 - [TEST_CASE][PASSED] - Test Cases/Requirement_02/data-driven/TC_02_UpdateProfile: Test Cases/Requirement_02/data-driven/TC_02_UpdateProfile

2020-05-24 19:23:48 - [TEST_STEP][PASSED] - openBrowser(""): Browser is opened with url: ''

2020-05-24 19:23:48 - [MESSAGE][INFO] - Starting 'Chrome' driver

2020-05-24 19:23:48 - [MESSAGE][INFO] - Action delay is set to 0 milliseconds

2020-05-24 19:23:53 - [MESSAGE][PASSED] - Browser is opened with url: ''

2020-05-24 19:23:53 - [TEST_STEP][PASSED] - navigateToUrl("https://mattermost-cdnc.herokuapp.com/xuan-nghiem-210/channels/town-square"): Navigate to 'https://mattermost-cdnc.herokuapp.com/xuan-nghiem-210/channels/town-square' successfully

2020-05-24 19:23:57 - [MESSAGE][PASSED] - Navigate to 'https://mattermost-cdnc.herokuapp.com/xuan-nghiem-210/channels/town-square' successfully

2020-05-24 19:23:57 - [TEST_STEP][PASSED] - setText(findTestObject("data-driven/02_UpdateProfile/Page_Mattermost/input_All team communication in one place s_703ef5"), "xuanghjem"): Text 'xuanghjem' is set on object 'Object Repository/data-driven/02_UpdateProfile/Page_Mattermost/input_All team communication in one place s_703ef5'

2020-05-24 19:24:07 - [MESSAGE][PASSED] - Text 'xuanghjem' is set on object 'Object Repository/data-driven/02_UpdateProfile/Page_Mattermost/input_All team communication in one place s_703ef5'

2020-05-24 19:24:07 - [TEST_STEP][PASSED] - setEncryptedText(findTestObject("data-driven/02_UpdateProfile/Page_Mattermost/input_All team communication in one place s_2f2733"), "vR0tJW96iAE="): Text ****** has been set on object 'Object Repository/data-driven/02_UpdateProfile/Page_Mattermost/input_All team communication in one place s_2f2733'

2020-05-24 19:24:10 - [MESSAGE][PASSED] - Text ****** has been set on object 'Object Repository/data-driven/02_UpdateProfile/Page_Mattermost/input_All team communication in one place s_2f2733'

2020-05-24 19:24:10 - [TEST_STEP][PASSED] - click(findTestObject("data-driven/02_UpdateProfile/Page_Mattermost/button_Sign in")): Object: 'Object Repository/data-driven/02_UpdateProfile/Page_Mattermost/button_Sign in' is clicked on

2020-05-24 19:24:18 - [MESSAGE][PASSED] - Object: 'Object Repository/data-driven/02_UpdateProfile/Page_Mattermost/button_Sign in' is clicked on

2020-05-24 19:24:18 - [TEST_STEP][PASSED] - click(findTestObject("data-driven/02_UpdateProfile/Page_Town Square - Xun Nghim Mattermost/svg")): Object: 'Object Repository/data-driven/02_UpdateProfile/Page_Town Square - Xun Nghim Mattermost/svg' is clicked on

2020-05-24 19:24:26 - [MESSAGE][PASSED] - Object: 'Object Repository/data-driven/02_UpdateProfile/Page_Town Square - Xun Nghim Mattermost/svg' is clicked on

2020-05-24 19:24:26 - [TEST_STEP][PASSED] - click(findTestObject("data-driven/02_UpdateProfile/Page_Town Square - Xun Nghim Mattermost/span_Account Settings")): Object: 'Object Repository/data-driven/02_UpdateProfile/Page_Town Square - Xun Nghim Mattermost/span_Account Settings' is clicked on

2020-05-24 19:24:33 - [MESSAGE][PASSED] - Object: 'Object Repository/data-driven/02_UpdateProfile/Page_Town Square - Xun Nghim Mattermost/span_Account Settings' is clicked on

2020-05-24 19:24:33 - [TEST_STEP][PASSED] - click(findTestObject("data-driven/02_UpdateProfile/Page_Town Square - Xun Nghim Mattermost/span_Edit")): Object: 'Object Repository/data-driven/02_UpdateProfile/Page_Town Square - Xun Nghim Mattermost/span_Edit' is clicked on

2020-05-24 19:24:40 - [MESSAGE][PASSED] - Object: 'Object Repository/data-driven/02_UpdateProfile/Page_Town Square - Xun Nghim Mattermost/span_Edit' is clicked on

2020-05-24 19:24:40 - [TEST_STEP][PASSED] - setText(findTestObject("data-driven/02_UpdateProfile/Page_Town Square - Xun Nghim Mattermost/input_First Name_firstName"), firstname): Text 'Ngô' is set on object 'Object Repository/data-driven/02_UpdateProfile/Page_Town Square - Xun Nghim Mattermost/input_First Name_firstName'

2020-05-24 19:24:44 - [MESSAGE][PASSED] - Text 'Ngô' is set on object 'Object Repository/data-driven/02_UpdateProfile/Page_Town Square - Xun Nghim Mattermost/input_First Name_firstName'

2020-05-24 19:24:44 - [TEST_STEP][PASSED] - setText(findTestObject("data-driven/02_UpdateProfile/Page_Town Square - Xun Nghim Mattermost/input_Last Name_lastName"), lastname): Text 'Hoàng Thiên' is set on object 'Object Repository/data-driven/02_UpdateProfile/Page_Town Square - Xun Nghim Mattermost/input_Last Name_lastName'

2020-05-24 19:24:48 - [MESSAGE][PASSED] - Text 'Hoàng Thiên' is set on object 'Object Repository/data-driven/02_UpdateProfile/Page_Town Square - Xun Nghim Mattermost/input_Last Name_lastName'

2020-05-24 19:24:48 - [TEST_STEP][PASSED] - click(findTestObject("data-driven/02_UpdateProfile/Page_Town Square - Xun Nghim Mattermost/span_Save")): Object: 'Object Repository/data-driven/02_UpdateProfile/Page_Town Square - Xun Nghim Mattermost/span_Save' is clicked on

2020-05-24 19:24:55 - [MESSAGE][PASSED] - Object: 'Object Repository/data-driven/02_UpdateProfile/Page_Town Square - Xun Nghim Mattermost/span_Save' is clicked on

2020-05-24 19:24:55 - [TEST_STEP][PASSED] - closeBrowser(): Browser is closed

2020-05-24 19:24:55 - [MESSAGE][PASSED] - Browser is closed]]></system-out>
         <system-err><![CDATA[]]></system-err>
      </testcase>
      <testcase name="Test Cases/Requirement_02/data-driven/TC_02_UpdateProfile" time="25.114" classname="Test Cases/Requirement_02/data-driven/TC_02_UpdateProfile" status="PASSED">
         <system-out><![CDATA[2020-05-24 19:24:56 - [TEST_CASE][PASSED] - Test Cases/Requirement_02/data-driven/TC_02_UpdateProfile: Test Cases/Requirement_02/data-driven/TC_02_UpdateProfile

2020-05-24 19:24:56 - [TEST_STEP][PASSED] - openBrowser(""): Browser is opened with url: ''

2020-05-24 19:24:56 - [MESSAGE][INFO] - Starting 'Chrome' driver

2020-05-24 19:24:56 - [MESSAGE][INFO] - Action delay is set to 0 milliseconds

2020-05-24 19:25:00 - [MESSAGE][PASSED] - Browser is opened with url: ''

2020-05-24 19:25:00 - [TEST_STEP][PASSED] - navigateToUrl("https://mattermost-cdnc.herokuapp.com/xuan-nghiem-210/channels/town-square"): Navigate to 'https://mattermost-cdnc.herokuapp.com/xuan-nghiem-210/channels/town-square' successfully

2020-05-24 19:25:04 - [MESSAGE][PASSED] - Navigate to 'https://mattermost-cdnc.herokuapp.com/xuan-nghiem-210/channels/town-square' successfully

2020-05-24 19:25:04 - [TEST_STEP][PASSED] - setText(findTestObject("data-driven/02_UpdateProfile/Page_Mattermost/input_All team communication in one place s_703ef5"), "xuanghjem"): Text 'xuanghjem' is set on object 'Object Repository/data-driven/02_UpdateProfile/Page_Mattermost/input_All team communication in one place s_703ef5'

2020-05-24 19:25:11 - [MESSAGE][PASSED] - Text 'xuanghjem' is set on object 'Object Repository/data-driven/02_UpdateProfile/Page_Mattermost/input_All team communication in one place s_703ef5'

2020-05-24 19:25:11 - [TEST_STEP][PASSED] - setEncryptedText(findTestObject("data-driven/02_UpdateProfile/Page_Mattermost/input_All team communication in one place s_2f2733"), "vR0tJW96iAE="): Text ****** has been set on object 'Object Repository/data-driven/02_UpdateProfile/Page_Mattermost/input_All team communication in one place s_2f2733'

2020-05-24 19:25:11 - [MESSAGE][PASSED] - Text ****** has been set on object 'Object Repository/data-driven/02_UpdateProfile/Page_Mattermost/input_All team communication in one place s_2f2733'

2020-05-24 19:25:11 - [TEST_STEP][PASSED] - click(findTestObject("data-driven/02_UpdateProfile/Page_Mattermost/button_Sign in")): Object: 'Object Repository/data-driven/02_UpdateProfile/Page_Mattermost/button_Sign in' is clicked on

2020-05-24 19:25:12 - [MESSAGE][PASSED] - Object: 'Object Repository/data-driven/02_UpdateProfile/Page_Mattermost/button_Sign in' is clicked on

2020-05-24 19:25:12 - [TEST_STEP][PASSED] - click(findTestObject("data-driven/02_UpdateProfile/Page_Town Square - Xun Nghim Mattermost/svg")): Object: 'Object Repository/data-driven/02_UpdateProfile/Page_Town Square - Xun Nghim Mattermost/svg' is clicked on

2020-05-24 19:25:15 - [MESSAGE][PASSED] - Object: 'Object Repository/data-driven/02_UpdateProfile/Page_Town Square - Xun Nghim Mattermost/svg' is clicked on

2020-05-24 19:25:15 - [TEST_STEP][PASSED] - click(findTestObject("data-driven/02_UpdateProfile/Page_Town Square - Xun Nghim Mattermost/span_Account Settings")): Object: 'Object Repository/data-driven/02_UpdateProfile/Page_Town Square - Xun Nghim Mattermost/span_Account Settings' is clicked on

2020-05-24 19:25:16 - [MESSAGE][PASSED] - Object: 'Object Repository/data-driven/02_UpdateProfile/Page_Town Square - Xun Nghim Mattermost/span_Account Settings' is clicked on

2020-05-24 19:25:16 - [TEST_STEP][PASSED] - click(findTestObject("data-driven/02_UpdateProfile/Page_Town Square - Xun Nghim Mattermost/span_Edit")): Object: 'Object Repository/data-driven/02_UpdateProfile/Page_Town Square - Xun Nghim Mattermost/span_Edit' is clicked on

2020-05-24 19:25:17 - [MESSAGE][PASSED] - Object: 'Object Repository/data-driven/02_UpdateProfile/Page_Town Square - Xun Nghim Mattermost/span_Edit' is clicked on

2020-05-24 19:25:17 - [TEST_STEP][PASSED] - setText(findTestObject("data-driven/02_UpdateProfile/Page_Town Square - Xun Nghim Mattermost/input_First Name_firstName"), firstname): Text 'Hoàng' is set on object 'Object Repository/data-driven/02_UpdateProfile/Page_Town Square - Xun Nghim Mattermost/input_First Name_firstName'

2020-05-24 19:25:18 - [MESSAGE][PASSED] - Text 'Hoàng' is set on object 'Object Repository/data-driven/02_UpdateProfile/Page_Town Square - Xun Nghim Mattermost/input_First Name_firstName'

2020-05-24 19:25:18 - [TEST_STEP][PASSED] - setText(findTestObject("data-driven/02_UpdateProfile/Page_Town Square - Xun Nghim Mattermost/input_Last Name_lastName"), lastname): Text 'Huy Lịch' is set on object 'Object Repository/data-driven/02_UpdateProfile/Page_Town Square - Xun Nghim Mattermost/input_Last Name_lastName'

2020-05-24 19:25:19 - [MESSAGE][PASSED] - Text 'Huy Lịch' is set on object 'Object Repository/data-driven/02_UpdateProfile/Page_Town Square - Xun Nghim Mattermost/input_Last Name_lastName'

2020-05-24 19:25:19 - [TEST_STEP][PASSED] - click(findTestObject("data-driven/02_UpdateProfile/Page_Town Square - Xun Nghim Mattermost/span_Save")): Object: 'Object Repository/data-driven/02_UpdateProfile/Page_Town Square - Xun Nghim Mattermost/span_Save' is clicked on

2020-05-24 19:25:19 - [MESSAGE][PASSED] - Object: 'Object Repository/data-driven/02_UpdateProfile/Page_Town Square - Xun Nghim Mattermost/span_Save' is clicked on

2020-05-24 19:25:19 - [TEST_STEP][PASSED] - closeBrowser(): Browser is closed

2020-05-24 19:25:21 - [MESSAGE][PASSED] - Browser is closed]]></system-out>
         <system-err><![CDATA[]]></system-err>
      </testcase>
      <testcase name="Test Cases/Requirement_02/data-driven/TC_02_UpdateProfile" time="25.597" classname="Test Cases/Requirement_02/data-driven/TC_02_UpdateProfile" status="PASSED">
         <system-out><![CDATA[2020-05-24 19:25:21 - [TEST_CASE][PASSED] - Test Cases/Requirement_02/data-driven/TC_02_UpdateProfile: Test Cases/Requirement_02/data-driven/TC_02_UpdateProfile

2020-05-24 19:25:21 - [TEST_STEP][PASSED] - openBrowser(""): Browser is opened with url: ''

2020-05-24 19:25:21 - [MESSAGE][INFO] - Starting 'Chrome' driver

2020-05-24 19:25:21 - [MESSAGE][INFO] - Action delay is set to 0 milliseconds

2020-05-24 19:25:25 - [MESSAGE][PASSED] - Browser is opened with url: ''

2020-05-24 19:25:25 - [TEST_STEP][PASSED] - navigateToUrl("https://mattermost-cdnc.herokuapp.com/xuan-nghiem-210/channels/town-square"): Navigate to 'https://mattermost-cdnc.herokuapp.com/xuan-nghiem-210/channels/town-square' successfully

2020-05-24 19:25:29 - [MESSAGE][PASSED] - Navigate to 'https://mattermost-cdnc.herokuapp.com/xuan-nghiem-210/channels/town-square' successfully

2020-05-24 19:25:29 - [TEST_STEP][PASSED] - setText(findTestObject("data-driven/02_UpdateProfile/Page_Mattermost/input_All team communication in one place s_703ef5"), "xuanghjem"): Text 'xuanghjem' is set on object 'Object Repository/data-driven/02_UpdateProfile/Page_Mattermost/input_All team communication in one place s_703ef5'

2020-05-24 19:25:37 - [MESSAGE][PASSED] - Text 'xuanghjem' is set on object 'Object Repository/data-driven/02_UpdateProfile/Page_Mattermost/input_All team communication in one place s_703ef5'

2020-05-24 19:25:37 - [TEST_STEP][PASSED] - setEncryptedText(findTestObject("data-driven/02_UpdateProfile/Page_Mattermost/input_All team communication in one place s_2f2733"), "vR0tJW96iAE="): Text ****** has been set on object 'Object Repository/data-driven/02_UpdateProfile/Page_Mattermost/input_All team communication in one place s_2f2733'

2020-05-24 19:25:38 - [MESSAGE][PASSED] - Text ****** has been set on object 'Object Repository/data-driven/02_UpdateProfile/Page_Mattermost/input_All team communication in one place s_2f2733'

2020-05-24 19:25:38 - [TEST_STEP][PASSED] - click(findTestObject("data-driven/02_UpdateProfile/Page_Mattermost/button_Sign in")): Object: 'Object Repository/data-driven/02_UpdateProfile/Page_Mattermost/button_Sign in' is clicked on

2020-05-24 19:25:38 - [MESSAGE][PASSED] - Object: 'Object Repository/data-driven/02_UpdateProfile/Page_Mattermost/button_Sign in' is clicked on

2020-05-24 19:25:38 - [TEST_STEP][PASSED] - click(findTestObject("data-driven/02_UpdateProfile/Page_Town Square - Xun Nghim Mattermost/svg")): Object: 'Object Repository/data-driven/02_UpdateProfile/Page_Town Square - Xun Nghim Mattermost/svg' is clicked on

2020-05-24 19:25:41 - [MESSAGE][PASSED] - Object: 'Object Repository/data-driven/02_UpdateProfile/Page_Town Square - Xun Nghim Mattermost/svg' is clicked on

2020-05-24 19:25:41 - [TEST_STEP][PASSED] - click(findTestObject("data-driven/02_UpdateProfile/Page_Town Square - Xun Nghim Mattermost/span_Account Settings")): Object: 'Object Repository/data-driven/02_UpdateProfile/Page_Town Square - Xun Nghim Mattermost/span_Account Settings' is clicked on

2020-05-24 19:25:42 - [MESSAGE][PASSED] - Object: 'Object Repository/data-driven/02_UpdateProfile/Page_Town Square - Xun Nghim Mattermost/span_Account Settings' is clicked on

2020-05-24 19:25:42 - [TEST_STEP][PASSED] - click(findTestObject("data-driven/02_UpdateProfile/Page_Town Square - Xun Nghim Mattermost/span_Edit")): Object: 'Object Repository/data-driven/02_UpdateProfile/Page_Town Square - Xun Nghim Mattermost/span_Edit' is clicked on

2020-05-24 19:25:43 - [MESSAGE][PASSED] - Object: 'Object Repository/data-driven/02_UpdateProfile/Page_Town Square - Xun Nghim Mattermost/span_Edit' is clicked on

2020-05-24 19:25:43 - [TEST_STEP][PASSED] - setText(findTestObject("data-driven/02_UpdateProfile/Page_Town Square - Xun Nghim Mattermost/input_First Name_firstName"), firstname): Text 'Lê' is set on object 'Object Repository/data-driven/02_UpdateProfile/Page_Town Square - Xun Nghim Mattermost/input_First Name_firstName'

2020-05-24 19:25:44 - [MESSAGE][PASSED] - Text 'Lê' is set on object 'Object Repository/data-driven/02_UpdateProfile/Page_Town Square - Xun Nghim Mattermost/input_First Name_firstName'

2020-05-24 19:25:44 - [TEST_STEP][PASSED] - setText(findTestObject("data-driven/02_UpdateProfile/Page_Town Square - Xun Nghim Mattermost/input_Last Name_lastName"), lastname): Text 'Đức Truyền' is set on object 'Object Repository/data-driven/02_UpdateProfile/Page_Town Square - Xun Nghim Mattermost/input_Last Name_lastName'

2020-05-24 19:25:45 - [MESSAGE][PASSED] - Text 'Đức Truyền' is set on object 'Object Repository/data-driven/02_UpdateProfile/Page_Town Square - Xun Nghim Mattermost/input_Last Name_lastName'

2020-05-24 19:25:45 - [TEST_STEP][PASSED] - click(findTestObject("data-driven/02_UpdateProfile/Page_Town Square - Xun Nghim Mattermost/span_Save")): Object: 'Object Repository/data-driven/02_UpdateProfile/Page_Town Square - Xun Nghim Mattermost/span_Save' is clicked on

2020-05-24 19:25:45 - [MESSAGE][PASSED] - Object: 'Object Repository/data-driven/02_UpdateProfile/Page_Town Square - Xun Nghim Mattermost/span_Save' is clicked on

2020-05-24 19:25:45 - [TEST_STEP][PASSED] - closeBrowser(): Browser is closed

2020-05-24 19:25:46 - [MESSAGE][PASSED] - Browser is closed]]></system-out>
         <system-err><![CDATA[]]></system-err>
      </testcase>
      <testcase name="Test Cases/Requirement_02/data-driven/TC_02_UpdateProfile" time="25.356" classname="Test Cases/Requirement_02/data-driven/TC_02_UpdateProfile" status="PASSED">
         <system-out><![CDATA[2020-05-24 19:25:46 - [TEST_CASE][PASSED] - Test Cases/Requirement_02/data-driven/TC_02_UpdateProfile: Test Cases/Requirement_02/data-driven/TC_02_UpdateProfile

2020-05-24 19:25:46 - [TEST_STEP][PASSED] - openBrowser(""): Browser is opened with url: ''

2020-05-24 19:25:46 - [MESSAGE][INFO] - Starting 'Chrome' driver

2020-05-24 19:25:46 - [MESSAGE][INFO] - Action delay is set to 0 milliseconds

2020-05-24 19:25:51 - [MESSAGE][PASSED] - Browser is opened with url: ''

2020-05-24 19:25:51 - [TEST_STEP][PASSED] - navigateToUrl("https://mattermost-cdnc.herokuapp.com/xuan-nghiem-210/channels/town-square"): Navigate to 'https://mattermost-cdnc.herokuapp.com/xuan-nghiem-210/channels/town-square' successfully

2020-05-24 19:25:55 - [MESSAGE][PASSED] - Navigate to 'https://mattermost-cdnc.herokuapp.com/xuan-nghiem-210/channels/town-square' successfully

2020-05-24 19:25:55 - [TEST_STEP][PASSED] - setText(findTestObject("data-driven/02_UpdateProfile/Page_Mattermost/input_All team communication in one place s_703ef5"), "xuanghjem"): Text 'xuanghjem' is set on object 'Object Repository/data-driven/02_UpdateProfile/Page_Mattermost/input_All team communication in one place s_703ef5'

2020-05-24 19:26:02 - [MESSAGE][PASSED] - Text 'xuanghjem' is set on object 'Object Repository/data-driven/02_UpdateProfile/Page_Mattermost/input_All team communication in one place s_703ef5'

2020-05-24 19:26:02 - [TEST_STEP][PASSED] - setEncryptedText(findTestObject("data-driven/02_UpdateProfile/Page_Mattermost/input_All team communication in one place s_2f2733"), "vR0tJW96iAE="): Text ****** has been set on object 'Object Repository/data-driven/02_UpdateProfile/Page_Mattermost/input_All team communication in one place s_2f2733'

2020-05-24 19:26:03 - [MESSAGE][PASSED] - Text ****** has been set on object 'Object Repository/data-driven/02_UpdateProfile/Page_Mattermost/input_All team communication in one place s_2f2733'

2020-05-24 19:26:03 - [TEST_STEP][PASSED] - click(findTestObject("data-driven/02_UpdateProfile/Page_Mattermost/button_Sign in")): Object: 'Object Repository/data-driven/02_UpdateProfile/Page_Mattermost/button_Sign in' is clicked on

2020-05-24 19:26:04 - [MESSAGE][PASSED] - Object: 'Object Repository/data-driven/02_UpdateProfile/Page_Mattermost/button_Sign in' is clicked on

2020-05-24 19:26:04 - [TEST_STEP][PASSED] - click(findTestObject("data-driven/02_UpdateProfile/Page_Town Square - Xun Nghim Mattermost/svg")): Object: 'Object Repository/data-driven/02_UpdateProfile/Page_Town Square - Xun Nghim Mattermost/svg' is clicked on

2020-05-24 19:26:06 - [MESSAGE][PASSED] - Object: 'Object Repository/data-driven/02_UpdateProfile/Page_Town Square - Xun Nghim Mattermost/svg' is clicked on

2020-05-24 19:26:06 - [TEST_STEP][PASSED] - click(findTestObject("data-driven/02_UpdateProfile/Page_Town Square - Xun Nghim Mattermost/span_Account Settings")): Object: 'Object Repository/data-driven/02_UpdateProfile/Page_Town Square - Xun Nghim Mattermost/span_Account Settings' is clicked on

2020-05-24 19:26:07 - [MESSAGE][PASSED] - Object: 'Object Repository/data-driven/02_UpdateProfile/Page_Town Square - Xun Nghim Mattermost/span_Account Settings' is clicked on

2020-05-24 19:26:07 - [TEST_STEP][PASSED] - click(findTestObject("data-driven/02_UpdateProfile/Page_Town Square - Xun Nghim Mattermost/span_Edit")): Object: 'Object Repository/data-driven/02_UpdateProfile/Page_Town Square - Xun Nghim Mattermost/span_Edit' is clicked on

2020-05-24 19:26:08 - [MESSAGE][PASSED] - Object: 'Object Repository/data-driven/02_UpdateProfile/Page_Town Square - Xun Nghim Mattermost/span_Edit' is clicked on

2020-05-24 19:26:08 - [TEST_STEP][PASSED] - setText(findTestObject("data-driven/02_UpdateProfile/Page_Town Square - Xun Nghim Mattermost/input_First Name_firstName"), firstname): Text 'Trương' is set on object 'Object Repository/data-driven/02_UpdateProfile/Page_Town Square - Xun Nghim Mattermost/input_First Name_firstName'

2020-05-24 19:26:09 - [MESSAGE][PASSED] - Text 'Trương' is set on object 'Object Repository/data-driven/02_UpdateProfile/Page_Town Square - Xun Nghim Mattermost/input_First Name_firstName'

2020-05-24 19:26:09 - [TEST_STEP][PASSED] - setText(findTestObject("data-driven/02_UpdateProfile/Page_Town Square - Xun Nghim Mattermost/input_Last Name_lastName"), lastname): Text 'Quang Lộc' is set on object 'Object Repository/data-driven/02_UpdateProfile/Page_Town Square - Xun Nghim Mattermost/input_Last Name_lastName'

2020-05-24 19:26:10 - [MESSAGE][PASSED] - Text 'Quang Lộc' is set on object 'Object Repository/data-driven/02_UpdateProfile/Page_Town Square - Xun Nghim Mattermost/input_Last Name_lastName'

2020-05-24 19:26:10 - [TEST_STEP][PASSED] - click(findTestObject("data-driven/02_UpdateProfile/Page_Town Square - Xun Nghim Mattermost/span_Save")): Object: 'Object Repository/data-driven/02_UpdateProfile/Page_Town Square - Xun Nghim Mattermost/span_Save' is clicked on

2020-05-24 19:26:11 - [MESSAGE][PASSED] - Object: 'Object Repository/data-driven/02_UpdateProfile/Page_Town Square - Xun Nghim Mattermost/span_Save' is clicked on

2020-05-24 19:26:11 - [TEST_STEP][PASSED] - closeBrowser(): Browser is closed

2020-05-24 19:26:12 - [MESSAGE][PASSED] - Browser is closed]]></system-out>
         <system-err><![CDATA[]]></system-err>
      </testcase>
      <system-out><![CDATA[2020-05-24 19:23:14 - [TEST_SUITE][PASSED] - TS_02_UpdateProfile: Test Cases/Requirement_02/data-driven/TC_02_UpdateProfile]]></system-out>
      <system-err><![CDATA[]]></system-err>
   </testsuite>
</testsuites>
