<?xml version="1.0" encoding="UTF-8"?>
<testsuites name="TS_03_CreateATeam" time="105.917" tests="5" failures="0" errors="0">
   <testsuite name="TS_03_CreateATeam" tests="5" failures="0" errors="0" time="105.917" timestamp="2020-05-24 18:36:29" hostname="XuanNghiem - DESKTOP-OT9E64N" id="Test Suites/data-driven/TS_03_CreateATeam">
      <properties>
         <property name="deviceName" value=""/>
         <property name="devicePlatform" value=""/>
         <property name="logFolder" value="C:\\Users\\XuanNghiem\\git\\mattermost-katalon-testing\\Reports\\20200524_183624\\data-driven\\TS_03_CreateATeam\\20200524_183624"/>
         <property name="logFiles" value="C:\\Users\\XuanNghiem\\git\\mattermost-katalon-testing\\Reports\\20200524_183624\\data-driven\\TS_03_CreateATeam\\20200524_183624\\execution0.log"/>
         <property name="attachments" value=""/>
         <property name="hostName" value="XuanNghiem - DESKTOP-OT9E64N"/>
         <property name="os" value="Windows 10 64bit"/>
         <property name="katalonVersion" value="7.4.0.1"/>
         <property name="browser" value="Chrome 83.0.4103.61"/>
         <property name="hostAddress" value="192.168.100.14"/>
         <property name="sessionId" value="9368cc3d57a73d490a2bca91d7c0fa20"/>
         <property name="seleniumVersion" value="3.141.59"/>
         <property name="proxyInformation" value="ProxyInformation{proxyOption=NO_PROXY, proxyServerType=HTTP, password=, proxyServerAddress=, proxyServerPort=0, executionList=}"/>
         <property name="platform" value="Windows 10"/>
      </properties>
      <testcase name="Test Cases/Requirement_02/data-driven/TC_03_CreateATeam" time="26.724" classname="Test Cases/Requirement_02/data-driven/TC_03_CreateATeam" status="PASSED">
         <system-out><![CDATA[2020-05-24 18:36:30 - [TEST_CASE][PASSED] - Test Cases/Requirement_02/data-driven/TC_03_CreateATeam: Test Cases/Requirement_02/data-driven/TC_03_CreateATeam

2020-05-24 18:36:31 - [TEST_STEP][PASSED] - openBrowser(""): Browser is opened with url: ''

2020-05-24 18:36:32 - [MESSAGE][INFO] - Starting 'Chrome' driver

2020-05-24 18:36:32 - [MESSAGE][INFO] - Action delay is set to 0 milliseconds

2020-05-24 18:36:39 - [MESSAGE][PASSED] - Browser is opened with url: ''

2020-05-24 18:36:39 - [TEST_STEP][PASSED] - navigateToUrl("https://mattermost-cdnc.herokuapp.com/create_team/display_name"): Navigate to 'https://mattermost-cdnc.herokuapp.com/create_team/display_name' successfully

2020-05-24 18:36:43 - [MESSAGE][PASSED] - Navigate to 'https://mattermost-cdnc.herokuapp.com/create_team/display_name' successfully

2020-05-24 18:36:43 - [TEST_STEP][PASSED] - setText(findTestObject("data-driven/03_CreateATeam/Page_Mattermost/input_All team communication in one place s_703ef5"), "xuanghjem"): Text 'xuanghjem' is set on object 'Object Repository/data-driven/03_CreateATeam/Page_Mattermost/input_All team communication in one place s_703ef5'

2020-05-24 18:36:50 - [MESSAGE][PASSED] - Text 'xuanghjem' is set on object 'Object Repository/data-driven/03_CreateATeam/Page_Mattermost/input_All team communication in one place s_703ef5'

2020-05-24 18:36:50 - [TEST_STEP][PASSED] - setEncryptedText(findTestObject("data-driven/03_CreateATeam/Page_Mattermost/input_All team communication in one place s_2f2733"), "vR0tJW96iAE="): Text ****** has been set on object 'Object Repository/data-driven/03_CreateATeam/Page_Mattermost/input_All team communication in one place s_2f2733'

2020-05-24 18:36:51 - [MESSAGE][PASSED] - Text ****** has been set on object 'Object Repository/data-driven/03_CreateATeam/Page_Mattermost/input_All team communication in one place s_2f2733'

2020-05-24 18:36:51 - [TEST_STEP][PASSED] - click(findTestObject("data-driven/03_CreateATeam/Page_Mattermost/span_Sign in")): Object: 'Object Repository/data-driven/03_CreateATeam/Page_Mattermost/span_Sign in' is clicked on

2020-05-24 18:36:52 - [MESSAGE][PASSED] - Object: 'Object Repository/data-driven/03_CreateATeam/Page_Mattermost/span_Sign in' is clicked on

2020-05-24 18:36:52 - [TEST_STEP][PASSED] - setText(findTestObject("data-driven/03_CreateATeam/Page_Mattermost/input_Team Name_teamNameInput"), team_name): Text 'tony stark' is set on object 'Object Repository/data-driven/03_CreateATeam/Page_Mattermost/input_Team Name_teamNameInput'

2020-05-24 18:36:54 - [MESSAGE][PASSED] - Text 'tony stark' is set on object 'Object Repository/data-driven/03_CreateATeam/Page_Mattermost/input_Team Name_teamNameInput'

2020-05-24 18:36:54 - [TEST_STEP][PASSED] - click(findTestObject("data-driven/03_CreateATeam/Page_Mattermost/button_Next")): Object: 'Object Repository/data-driven/03_CreateATeam/Page_Mattermost/button_Next' is clicked on

2020-05-24 18:36:54 - [MESSAGE][PASSED] - Object: 'Object Repository/data-driven/03_CreateATeam/Page_Mattermost/button_Next' is clicked on

2020-05-24 18:36:54 - [TEST_STEP][PASSED] - click(findTestObject("data-driven/03_CreateATeam/Page_Mattermost/button_Finish")): Object: 'Object Repository/data-driven/03_CreateATeam/Page_Mattermost/button_Finish' is clicked on

2020-05-24 18:36:55 - [MESSAGE][PASSED] - Object: 'Object Repository/data-driven/03_CreateATeam/Page_Mattermost/button_Finish' is clicked on

2020-05-24 18:36:55 - [TEST_STEP][PASSED] - closeBrowser(): Browser is closed

2020-05-24 18:36:56 - [MESSAGE][PASSED] - Browser is closed]]></system-out>
         <system-err><![CDATA[]]></system-err>
      </testcase>
      <testcase name="Test Cases/Requirement_02/data-driven/TC_03_CreateATeam" time="19.558" classname="Test Cases/Requirement_02/data-driven/TC_03_CreateATeam" status="PASSED">
         <system-out><![CDATA[2020-05-24 18:36:56 - [TEST_CASE][PASSED] - Test Cases/Requirement_02/data-driven/TC_03_CreateATeam: Test Cases/Requirement_02/data-driven/TC_03_CreateATeam

2020-05-24 18:36:56 - [TEST_STEP][PASSED] - openBrowser(""): Browser is opened with url: ''

2020-05-24 18:36:56 - [MESSAGE][INFO] - Starting 'Chrome' driver

2020-05-24 18:36:56 - [MESSAGE][INFO] - Action delay is set to 0 milliseconds

2020-05-24 18:37:00 - [MESSAGE][PASSED] - Browser is opened with url: ''

2020-05-24 18:37:01 - [TEST_STEP][PASSED] - navigateToUrl("https://mattermost-cdnc.herokuapp.com/create_team/display_name"): Navigate to 'https://mattermost-cdnc.herokuapp.com/create_team/display_name' successfully

2020-05-24 18:37:04 - [MESSAGE][PASSED] - Navigate to 'https://mattermost-cdnc.herokuapp.com/create_team/display_name' successfully

2020-05-24 18:37:04 - [TEST_STEP][PASSED] - setText(findTestObject("data-driven/03_CreateATeam/Page_Mattermost/input_All team communication in one place s_703ef5"), "xuanghjem"): Text 'xuanghjem' is set on object 'Object Repository/data-driven/03_CreateATeam/Page_Mattermost/input_All team communication in one place s_703ef5'

2020-05-24 18:37:11 - [MESSAGE][PASSED] - Text 'xuanghjem' is set on object 'Object Repository/data-driven/03_CreateATeam/Page_Mattermost/input_All team communication in one place s_703ef5'

2020-05-24 18:37:11 - [TEST_STEP][PASSED] - setEncryptedText(findTestObject("data-driven/03_CreateATeam/Page_Mattermost/input_All team communication in one place s_2f2733"), "vR0tJW96iAE="): Text ****** has been set on object 'Object Repository/data-driven/03_CreateATeam/Page_Mattermost/input_All team communication in one place s_2f2733'

2020-05-24 18:37:11 - [MESSAGE][PASSED] - Text ****** has been set on object 'Object Repository/data-driven/03_CreateATeam/Page_Mattermost/input_All team communication in one place s_2f2733'

2020-05-24 18:37:11 - [TEST_STEP][PASSED] - click(findTestObject("data-driven/03_CreateATeam/Page_Mattermost/span_Sign in")): Object: 'Object Repository/data-driven/03_CreateATeam/Page_Mattermost/span_Sign in' is clicked on

2020-05-24 18:37:12 - [MESSAGE][PASSED] - Object: 'Object Repository/data-driven/03_CreateATeam/Page_Mattermost/span_Sign in' is clicked on

2020-05-24 18:37:12 - [TEST_STEP][PASSED] - setText(findTestObject("data-driven/03_CreateATeam/Page_Mattermost/input_Team Name_teamNameInput"), team_name): Text 'hulk' is set on object 'Object Repository/data-driven/03_CreateATeam/Page_Mattermost/input_Team Name_teamNameInput'

2020-05-24 18:37:14 - [MESSAGE][PASSED] - Text 'hulk' is set on object 'Object Repository/data-driven/03_CreateATeam/Page_Mattermost/input_Team Name_teamNameInput'

2020-05-24 18:37:14 - [TEST_STEP][PASSED] - click(findTestObject("data-driven/03_CreateATeam/Page_Mattermost/button_Next")): Object: 'Object Repository/data-driven/03_CreateATeam/Page_Mattermost/button_Next' is clicked on

2020-05-24 18:37:15 - [MESSAGE][PASSED] - Object: 'Object Repository/data-driven/03_CreateATeam/Page_Mattermost/button_Next' is clicked on

2020-05-24 18:37:15 - [TEST_STEP][PASSED] - click(findTestObject("data-driven/03_CreateATeam/Page_Mattermost/button_Finish")): Object: 'Object Repository/data-driven/03_CreateATeam/Page_Mattermost/button_Finish' is clicked on

2020-05-24 18:37:15 - [MESSAGE][PASSED] - Object: 'Object Repository/data-driven/03_CreateATeam/Page_Mattermost/button_Finish' is clicked on

2020-05-24 18:37:15 - [TEST_STEP][PASSED] - closeBrowser(): Browser is closed

2020-05-24 18:37:16 - [MESSAGE][PASSED] - Browser is closed]]></system-out>
         <system-err><![CDATA[]]></system-err>
      </testcase>
      <testcase name="Test Cases/Requirement_02/data-driven/TC_03_CreateATeam" time="20.585" classname="Test Cases/Requirement_02/data-driven/TC_03_CreateATeam" status="PASSED">
         <system-out><![CDATA[2020-05-24 18:37:16 - [TEST_CASE][PASSED] - Test Cases/Requirement_02/data-driven/TC_03_CreateATeam: Test Cases/Requirement_02/data-driven/TC_03_CreateATeam

2020-05-24 18:37:16 - [TEST_STEP][PASSED] - openBrowser(""): Browser is opened with url: ''

2020-05-24 18:37:16 - [MESSAGE][INFO] - Starting 'Chrome' driver

2020-05-24 18:37:16 - [MESSAGE][INFO] - Action delay is set to 0 milliseconds

2020-05-24 18:37:20 - [MESSAGE][PASSED] - Browser is opened with url: ''

2020-05-24 18:37:20 - [TEST_STEP][PASSED] - navigateToUrl("https://mattermost-cdnc.herokuapp.com/create_team/display_name"): Navigate to 'https://mattermost-cdnc.herokuapp.com/create_team/display_name' successfully

2020-05-24 18:37:24 - [MESSAGE][PASSED] - Navigate to 'https://mattermost-cdnc.herokuapp.com/create_team/display_name' successfully

2020-05-24 18:37:24 - [TEST_STEP][PASSED] - setText(findTestObject("data-driven/03_CreateATeam/Page_Mattermost/input_All team communication in one place s_703ef5"), "xuanghjem"): Text 'xuanghjem' is set on object 'Object Repository/data-driven/03_CreateATeam/Page_Mattermost/input_All team communication in one place s_703ef5'

2020-05-24 18:37:30 - [MESSAGE][PASSED] - Text 'xuanghjem' is set on object 'Object Repository/data-driven/03_CreateATeam/Page_Mattermost/input_All team communication in one place s_703ef5'

2020-05-24 18:37:30 - [TEST_STEP][PASSED] - setEncryptedText(findTestObject("data-driven/03_CreateATeam/Page_Mattermost/input_All team communication in one place s_2f2733"), "vR0tJW96iAE="): Text ****** has been set on object 'Object Repository/data-driven/03_CreateATeam/Page_Mattermost/input_All team communication in one place s_2f2733'

2020-05-24 18:37:31 - [MESSAGE][PASSED] - Text ****** has been set on object 'Object Repository/data-driven/03_CreateATeam/Page_Mattermost/input_All team communication in one place s_2f2733'

2020-05-24 18:37:31 - [TEST_STEP][PASSED] - click(findTestObject("data-driven/03_CreateATeam/Page_Mattermost/span_Sign in")): Object: 'Object Repository/data-driven/03_CreateATeam/Page_Mattermost/span_Sign in' is clicked on

2020-05-24 18:37:32 - [MESSAGE][PASSED] - Object: 'Object Repository/data-driven/03_CreateATeam/Page_Mattermost/span_Sign in' is clicked on

2020-05-24 18:37:32 - [TEST_STEP][PASSED] - setText(findTestObject("data-driven/03_CreateATeam/Page_Mattermost/input_Team Name_teamNameInput"), team_name): Text 'spider man' is set on object 'Object Repository/data-driven/03_CreateATeam/Page_Mattermost/input_Team Name_teamNameInput'

2020-05-24 18:37:34 - [MESSAGE][PASSED] - Text 'spider man' is set on object 'Object Repository/data-driven/03_CreateATeam/Page_Mattermost/input_Team Name_teamNameInput'

2020-05-24 18:37:34 - [TEST_STEP][PASSED] - click(findTestObject("data-driven/03_CreateATeam/Page_Mattermost/button_Next")): Object: 'Object Repository/data-driven/03_CreateATeam/Page_Mattermost/button_Next' is clicked on

2020-05-24 18:37:35 - [MESSAGE][PASSED] - Object: 'Object Repository/data-driven/03_CreateATeam/Page_Mattermost/button_Next' is clicked on

2020-05-24 18:37:35 - [TEST_STEP][PASSED] - click(findTestObject("data-driven/03_CreateATeam/Page_Mattermost/button_Finish")): Object: 'Object Repository/data-driven/03_CreateATeam/Page_Mattermost/button_Finish' is clicked on

2020-05-24 18:37:35 - [MESSAGE][PASSED] - Object: 'Object Repository/data-driven/03_CreateATeam/Page_Mattermost/button_Finish' is clicked on

2020-05-24 18:37:35 - [TEST_STEP][PASSED] - closeBrowser(): Browser is closed

2020-05-24 18:37:37 - [MESSAGE][PASSED] - Browser is closed]]></system-out>
         <system-err><![CDATA[]]></system-err>
      </testcase>
      <testcase name="Test Cases/Requirement_02/data-driven/TC_03_CreateATeam" time="19.253" classname="Test Cases/Requirement_02/data-driven/TC_03_CreateATeam" status="PASSED">
         <system-out><![CDATA[2020-05-24 18:37:37 - [TEST_CASE][PASSED] - Test Cases/Requirement_02/data-driven/TC_03_CreateATeam: Test Cases/Requirement_02/data-driven/TC_03_CreateATeam

2020-05-24 18:37:37 - [TEST_STEP][PASSED] - openBrowser(""): Browser is opened with url: ''

2020-05-24 18:37:37 - [MESSAGE][INFO] - Starting 'Chrome' driver

2020-05-24 18:37:37 - [MESSAGE][INFO] - Action delay is set to 0 milliseconds

2020-05-24 18:37:41 - [MESSAGE][PASSED] - Browser is opened with url: ''

2020-05-24 18:37:41 - [TEST_STEP][PASSED] - navigateToUrl("https://mattermost-cdnc.herokuapp.com/create_team/display_name"): Navigate to 'https://mattermost-cdnc.herokuapp.com/create_team/display_name' successfully

2020-05-24 18:37:44 - [MESSAGE][PASSED] - Navigate to 'https://mattermost-cdnc.herokuapp.com/create_team/display_name' successfully

2020-05-24 18:37:44 - [TEST_STEP][PASSED] - setText(findTestObject("data-driven/03_CreateATeam/Page_Mattermost/input_All team communication in one place s_703ef5"), "xuanghjem"): Text 'xuanghjem' is set on object 'Object Repository/data-driven/03_CreateATeam/Page_Mattermost/input_All team communication in one place s_703ef5'

2020-05-24 18:37:50 - [MESSAGE][PASSED] - Text 'xuanghjem' is set on object 'Object Repository/data-driven/03_CreateATeam/Page_Mattermost/input_All team communication in one place s_703ef5'

2020-05-24 18:37:50 - [TEST_STEP][PASSED] - setEncryptedText(findTestObject("data-driven/03_CreateATeam/Page_Mattermost/input_All team communication in one place s_2f2733"), "vR0tJW96iAE="): Text ****** has been set on object 'Object Repository/data-driven/03_CreateATeam/Page_Mattermost/input_All team communication in one place s_2f2733'

2020-05-24 18:37:51 - [MESSAGE][PASSED] - Text ****** has been set on object 'Object Repository/data-driven/03_CreateATeam/Page_Mattermost/input_All team communication in one place s_2f2733'

2020-05-24 18:37:51 - [TEST_STEP][PASSED] - click(findTestObject("data-driven/03_CreateATeam/Page_Mattermost/span_Sign in")): Object: 'Object Repository/data-driven/03_CreateATeam/Page_Mattermost/span_Sign in' is clicked on

2020-05-24 18:37:52 - [MESSAGE][PASSED] - Object: 'Object Repository/data-driven/03_CreateATeam/Page_Mattermost/span_Sign in' is clicked on

2020-05-24 18:37:52 - [TEST_STEP][PASSED] - setText(findTestObject("data-driven/03_CreateATeam/Page_Mattermost/input_Team Name_teamNameInput"), team_name): Text 'thor' is set on object 'Object Repository/data-driven/03_CreateATeam/Page_Mattermost/input_Team Name_teamNameInput'

2020-05-24 18:37:54 - [MESSAGE][PASSED] - Text 'thor' is set on object 'Object Repository/data-driven/03_CreateATeam/Page_Mattermost/input_Team Name_teamNameInput'

2020-05-24 18:37:54 - [TEST_STEP][PASSED] - click(findTestObject("data-driven/03_CreateATeam/Page_Mattermost/button_Next")): Object: 'Object Repository/data-driven/03_CreateATeam/Page_Mattermost/button_Next' is clicked on

2020-05-24 18:37:54 - [MESSAGE][PASSED] - Object: 'Object Repository/data-driven/03_CreateATeam/Page_Mattermost/button_Next' is clicked on

2020-05-24 18:37:54 - [TEST_STEP][PASSED] - click(findTestObject("data-driven/03_CreateATeam/Page_Mattermost/button_Finish")): Object: 'Object Repository/data-driven/03_CreateATeam/Page_Mattermost/button_Finish' is clicked on

2020-05-24 18:37:55 - [MESSAGE][PASSED] - Object: 'Object Repository/data-driven/03_CreateATeam/Page_Mattermost/button_Finish' is clicked on

2020-05-24 18:37:55 - [TEST_STEP][PASSED] - closeBrowser(): Browser is closed

2020-05-24 18:37:56 - [MESSAGE][PASSED] - Browser is closed]]></system-out>
         <system-err><![CDATA[]]></system-err>
      </testcase>
      <testcase name="Test Cases/Requirement_02/data-driven/TC_03_CreateATeam" time="18.798" classname="Test Cases/Requirement_02/data-driven/TC_03_CreateATeam" status="PASSED">
         <system-out><![CDATA[2020-05-24 18:37:56 - [TEST_CASE][PASSED] - Test Cases/Requirement_02/data-driven/TC_03_CreateATeam: Test Cases/Requirement_02/data-driven/TC_03_CreateATeam

2020-05-24 18:37:56 - [TEST_STEP][PASSED] - openBrowser(""): Browser is opened with url: ''

2020-05-24 18:37:56 - [MESSAGE][INFO] - Starting 'Chrome' driver

2020-05-24 18:37:56 - [MESSAGE][INFO] - Action delay is set to 0 milliseconds

2020-05-24 18:38:00 - [MESSAGE][PASSED] - Browser is opened with url: ''

2020-05-24 18:38:00 - [TEST_STEP][PASSED] - navigateToUrl("https://mattermost-cdnc.herokuapp.com/create_team/display_name"): Navigate to 'https://mattermost-cdnc.herokuapp.com/create_team/display_name' successfully

2020-05-24 18:38:03 - [MESSAGE][PASSED] - Navigate to 'https://mattermost-cdnc.herokuapp.com/create_team/display_name' successfully

2020-05-24 18:38:03 - [TEST_STEP][PASSED] - setText(findTestObject("data-driven/03_CreateATeam/Page_Mattermost/input_All team communication in one place s_703ef5"), "xuanghjem"): Text 'xuanghjem' is set on object 'Object Repository/data-driven/03_CreateATeam/Page_Mattermost/input_All team communication in one place s_703ef5'

2020-05-24 18:38:09 - [MESSAGE][PASSED] - Text 'xuanghjem' is set on object 'Object Repository/data-driven/03_CreateATeam/Page_Mattermost/input_All team communication in one place s_703ef5'

2020-05-24 18:38:09 - [TEST_STEP][PASSED] - setEncryptedText(findTestObject("data-driven/03_CreateATeam/Page_Mattermost/input_All team communication in one place s_2f2733"), "vR0tJW96iAE="): Text ****** has been set on object 'Object Repository/data-driven/03_CreateATeam/Page_Mattermost/input_All team communication in one place s_2f2733'

2020-05-24 18:38:10 - [MESSAGE][PASSED] - Text ****** has been set on object 'Object Repository/data-driven/03_CreateATeam/Page_Mattermost/input_All team communication in one place s_2f2733'

2020-05-24 18:38:10 - [TEST_STEP][PASSED] - click(findTestObject("data-driven/03_CreateATeam/Page_Mattermost/span_Sign in")): Object: 'Object Repository/data-driven/03_CreateATeam/Page_Mattermost/span_Sign in' is clicked on

2020-05-24 18:38:10 - [MESSAGE][PASSED] - Object: 'Object Repository/data-driven/03_CreateATeam/Page_Mattermost/span_Sign in' is clicked on

2020-05-24 18:38:10 - [TEST_STEP][PASSED] - setText(findTestObject("data-driven/03_CreateATeam/Page_Mattermost/input_Team Name_teamNameInput"), team_name): Text 'american' is set on object 'Object Repository/data-driven/03_CreateATeam/Page_Mattermost/input_Team Name_teamNameInput'

2020-05-24 18:38:13 - [MESSAGE][PASSED] - Text 'american' is set on object 'Object Repository/data-driven/03_CreateATeam/Page_Mattermost/input_Team Name_teamNameInput'

2020-05-24 18:38:13 - [TEST_STEP][PASSED] - click(findTestObject("data-driven/03_CreateATeam/Page_Mattermost/button_Next")): Object: 'Object Repository/data-driven/03_CreateATeam/Page_Mattermost/button_Next' is clicked on

2020-05-24 18:38:13 - [MESSAGE][PASSED] - Object: 'Object Repository/data-driven/03_CreateATeam/Page_Mattermost/button_Next' is clicked on

2020-05-24 18:38:13 - [TEST_STEP][PASSED] - click(findTestObject("data-driven/03_CreateATeam/Page_Mattermost/button_Finish")): Object: 'Object Repository/data-driven/03_CreateATeam/Page_Mattermost/button_Finish' is clicked on

2020-05-24 18:38:14 - [MESSAGE][PASSED] - Object: 'Object Repository/data-driven/03_CreateATeam/Page_Mattermost/button_Finish' is clicked on

2020-05-24 18:38:14 - [TEST_STEP][PASSED] - closeBrowser(): Browser is closed

2020-05-24 18:38:15 - [MESSAGE][PASSED] - Browser is closed]]></system-out>
         <system-err><![CDATA[]]></system-err>
      </testcase>
      <system-out><![CDATA[2020-05-24 18:36:29 - [TEST_SUITE][PASSED] - TS_03_CreateATeam: Test Cases/Requirement_02/data-driven/TC_03_CreateATeam]]></system-out>
      <system-err><![CDATA[]]></system-err>
   </testsuite>
</testsuites>
